4360
0 0 2 3
0 4 0 14
0 15 4 16
0 17 0 27
0 28 10 28
0 29 9 29
0 30 10 30
0 31 9 31
0 32 3 34
0 35 0 46
0 47 0 56
0 57 11 57
0 58 10 58
0 59 5 60
0 61 11 61
0 62 0 71
0 72 0 82
0 83 11 83
0 84 0 95
0 96 11 96
0 97 2 100
0 101 0 111
0 112 1 116
0 117 11 117
0 118 11 118
0 119 0 128
0 129 0 137
0 138 0 146
0 147 0 156
0 157 0 166
0 167 2 170
0 171 0 181
0 182 3 184
0 185 0 196
0 197 7 197
0 198 0 208
0 209 1 214
0 215 5 216
0 217 1 222
0 223 0 232
0 233 0 242
0 243 1 248
0 249 11 249
1 4 2 9
1 10 3 13
1 14 11 14
1 17 6 18
1 19 4 21
1 22 11 22
1 23 12 23
1 24 6 25
1 26 12 26
1 27 11 27
1 35 1 44
1 45 2 49
1 50 12 50
1 51 2 56
1 62 12 62
1 63 12 63
1 64 11 64
1 65 12 65
1 66 12 66
1 67 5 68
1 71 11 71
1 72 11 72
1 73 10 73
1 74 11 74
1 75 11 75
1 76 10 76
1 77 11 77
1 78 12 78
1 79 4 81
1 82 11 82
1 84 1 94
1 101 6 102
1 103 12 103
1 104 2 109
1 110 5 111
1 119 2 124
1 125 2 130
1 131 1 142
1 143 6 144
1 145 1 156
1 157 4 159
1 160 2 165
1 166 11 166
1 171 1 181
1 185 2 190
1 191 6 192
1 193 11 193
1 194 12 194
1 195 12 195
1 196 10 196
1 198 6 199
1 200 2 205
1 206 4 208
1 223 4 225
1 226 2 231
1 232 10 232
1 233 1 242
2 35 4 38
2 39 12 39
2 40 7 41
2 42 6 43
2 44 12 44
2 84 5 86
2 87 5 89
2 90 7 91
2 92 7 93
2 94 9 94
2 112 4 115
2 116 12 116
2 131 3 136
2 137 7 138
2 139 13 139
2 140 7 141
2 142 11 142
2 145 2 156
2 171 4 173
2 174 7 175
2 176 11 176
2 177 7 178
2 179 5 181
2 209 7 210
2 212 7 213
2 214 12 214
2 217 4 220
2 221 6 222
2 233 2 242
2 243 3 248
3 0 13 0
3 1 3 9
3 45 12 45
3 46 14 46
3 47 8 48
3 49 12 49
3 51 4 55
3 56 13 56
3 69 14 69
3 95 14 95
3 97 8 98
3 99 8 100
3 104 12 104
3 105 13 105
3 106 13 106
3 107 13 107
3 108 8 109
3 119 3 130
3 145 4 150
3 151 13 151
3 152 8 153
3 154 14 154
3 155 8 156
3 160 4 165
3 167 13 167
3 168 13 168
3 169 7 170
3 185 14 185
3 186 12 186
3 187 13 187
3 188 8 189
3 190 10 190
3 200 8 201
3 202 12 202
3 203 14 203
3 204 10 204
3 205 12 205
3 226 4 231
3 233 4 238
3 239 8 240
3 241 8 242
4 1 4 11
4 12 15 12
4 13 13 13
4 32 6 34
4 119 5 124
4 125 6 128
4 129 5 133
4 134 9 135
4 136 15 136
4 182 15 182
4 183 15 183
4 184 14 184
4 211 15 211
4 243 5 248
5 1 10 2
5 3 10 4
5 5 6 10
5 11 16 11
5 15 12 15
5 16 15 16
5 19 8 21
5 35 7 38
5 51 15 51
5 52 14 52
5 53 14 53
5 54 14 54
5 55 15 55
5 79 7 81
5 112 7 115
5 145 6 149
5 150 15 150
5 157 6 162
5 163 10 164
5 165 15 165
5 171 13 171
5 172 14 172
5 173 16 173
5 206 10 207
5 208 13 208
5 217 15 217
5 218 14 218
5 219 13 219
5 220 16 220
5 223 8 225
5 226 10 227
5 228 10 229
5 230 10 231
5 233 6 238
6 59 16 59
6 60 14 60
6 67 11 68
6 84 9 86
6 87 16 87
6 88 11 89
6 110 17 110
6 111 17 111
6 119 7 124
6 129 9 130
6 131 11 132
6 179 8 181
6 215 16 215
6 243 8 246
6 247 15 247
6 248 16 248
7 5 17 5
7 6 17 6
7 7 9 10
7 17 18 17
7 18 17 18
7 24 12 25
7 32 16 32
7 33 12 34
7 42 14 42
7 43 16 43
7 70 18 70
7 101 12 102
7 125 17 125
7 126 12 127
7 143 17 143
7 144 18 144
7 145 18 145
7 146 15 146
7 147 12 148
7 149 17 149
7 157 16 157
7 158 8 162
7 192 16 192
7 198 17 198
7 199 17 199
7 216 18 216
7 221 17 221
7 233 12 234
7 235 12 236
7 237 12 238
8 35 10 37
8 38 18 38
8 40 19 40
8 41 18 41
8 79 18 79
8 80 18 80
8 81 19 81
8 90 10 93
8 112 13 113
8 114 12 115
8 119 9 124
8 137 13 138
8 140 13 141
8 169 13 170
8 174 13 175
8 177 19 177
8 191 19 191
8 197 18 197
8 209 13 210
8 212 18 212
8 222 19 222
9 19 12 21
9 47 19 47
9 48 19 48
9 97 11 100
9 108 13 109
9 152 19 152
9 153 19 153
9 155 14 156
9 158 19 158
9 159 11 162
9 178 20 178
9 180 17 180
9 181 19 181
9 188 14 189
9 200 19 200
9 223 12 225
9 239 18 239
9 240 14 241
9 242 19 242
9 243 18 243
9 244 17 244
9 245 18 245
9 246 19 246
10 7 12 9
10 10 18 10
10 29 21 29
10 31 21 31
10 84 21 84
10 85 21 85
10 94 20 94
10 119 21 119
10 120 12 123
10 124 20 124
10 128 15 129
10 130 19 130
10 133 15 134
10 135 21 135
10 179 21 179
10 201 21 201
11 1 21 1
11 2 16 3
11 4 22 4
11 28 21 28
11 30 20 30
11 35 14 37
11 58 21 58
11 73 22 73
11 76 21 76
11 90 19 90
11 91 14 93
11 163 22 163
11 164 21 164
11 190 20 190
11 196 20 196
11 204 21 204
11 206 21 206
11 207 21 207
11 213 22 213
11 226 12 230
11 231 22 231
11 232 22 232
12 22 22 22
12 27 21 27
12 57 20 57
12 61 20 61
12 64 23 64
12 67 22 67
12 68 23 68
12 71 16 72
12 74 17 75
12 77 22 77
12 82 23 82
12 88 16 89
12 96 17 97
12 98 21 98
12 99 17 100
12 117 17 118
12 131 22 131
12 132 20 132
12 159 23 159
12 160 22 160
12 161 23 161
12 166 23 166
12 193 21 193
12 249 21 249
13 7 16 9
13 14 17 15
13 19 16 21
13 23 21 23
13 24 22 24
13 25 17 26
13 33 23 33
13 34 23 34
13 39 24 39
13 44 20 44
13 49 23 49
13 50 24 50
13 62 18 63
13 65 18 66
13 101 22 101
13 102 22 102
13 103 24 103
13 104 23 104
13 114 24 114
13 115 18 116
13 120 17 121
13 122 21 122
13 123 22 123
13 126 23 126
13 127 21 127
13 147 18 148
13 162 24 162
13 186 22 186
13 194 18 195
13 202 24 202
13 214 24 214
13 223 18 224
13 225 23 225
13 227 17 228
13 229 24 229
13 230 22 230
13 233 14 238
14 13 24 13
14 56 24 56
14 83 25 83
14 86 25 86
14 105 24 105
14 106 23 106
14 107 24 107
14 108 24 108
14 109 24 109
14 112 24 112
14 113 21 113
14 138 22 138
14 139 18 140
14 141 19 142
14 151 24 151
14 167 15 171
14 174 16 176
14 187 24 187
14 208 25 208
14 209 19 210
15 35 20 36
15 37 26 37
15 42 25 42
15 45 20 46
15 52 20 53
15 54 25 54
15 60 25 60
15 78 26 78
15 91 18 93
15 95 26 95
15 154 18 156
15 172 26 172
15 184 26 184
15 185 26 185
15 188 24 188
15 189 25 189
15 203 22 203
15 218 24 218
15 233 20 234
15 235 20 236
15 237 19 238
15 240 25 240
15 241 25 241
16 12 26 12
16 16 27 16
16 51 27 51
16 55 25 55
16 69 27 69
16 128 26 128
16 129 27 129
16 133 21 134
16 136 27 136
16 146 24 146
16 150 26 150
16 165 27 165
16 167 21 168
16 169 21 170
16 171 25 171
16 182 21 183
16 205 27 205
16 217 26 217
16 247 26 247
17 2 27 2
17 3 25 3
17 7 20 9
17 11 26 11
17 19 28 19
17 20 22 21
17 32 28 32
17 43 26 43
17 59 27 59
17 71 26 71
17 87 27 87
17 88 27 88
17 89 27 89
17 157 27 157
17 173 19 176
17 192 26 192
17 211 28 211
17 215 28 215
17 219 21 220
17 248 27 248
18 5 23 6
18 15 28 15
18 18 28 18
18 25 28 25
18 26 28 26
18 74 26 74
18 75 29 75
18 96 28 96
18 97 28 97
18 99 29 99
18 100 27 100
18 110 23 111
18 117 29 117
18 118 27 118
18 120 29 120
18 121 28 121
18 125 28 125
18 137 29 137
18 143 28 143
18 149 29 149
18 180 27 180
18 198 23 199
18 221 27 221
18 226 20 228
18 244 28 244
19 10 29 10
19 17 29 17
19 38 29 38
19 41 28 41
19 62 27 62
19 63 29 63
19 65 23 66
19 79 30 79
19 91 23 92
19 93 30 93
19 115 30 115
19 139 24 140
19 144 30 144
19 145 28 145
19 147 29 147
19 148 26 148
19 154 21 156
19 194 29 194
19 195 29 195
19 197 30 197
19 212 28 212
19 216 29 216
19 223 24 224
19 239 30 239
19 243 29 243
19 245 29 245
20 40 30 40
20 47 30 47
20 48 30 48
20 70 31 70
20 72 31 72
20 80 25 81
20 116 31 116
20 141 31 141
20 142 29 142
20 152 25 153
20 158 31 158
20 173 25 174
20 175 31 175
20 176 31 176
20 177 31 177
20 181 29 181
20 191 30 191
20 200 30 200
20 209 31 209
20 210 29 210
20 222 30 222
20 237 30 237
20 238 29 238
20 246 31 246
21 7 30 7
21 8 25 9
21 14 32 14
21 30 32 30
21 35 25 36
21 44 32 44
21 45 30 45
21 46 31 46
21 52 31 52
21 53 31 53
21 57 32 57
21 61 32 61
21 94 30 94
21 130 32 130
21 132 31 132
21 178 31 178
21 196 31 196
21 226 24 228
21 233 26 234
21 235 31 235
22 0 33 0
22 23 32 23
22 27 26 28
22 31 31 31
22 58 31 58
22 76 31 76
22 84 33 84
22 85 31 85
22 98 30 98
22 113 33 113
22 119 31 119
22 122 32 122
22 127 32 127
22 133 27 134
22 135 32 135
22 154 24 156
22 167 24 170
22 179 33 179
22 182 32 182
22 183 33 183
22 193 32 193
22 201 33 201
22 204 33 204
22 206 32 206
22 219 33 219
22 220 31 220
22 249 33 249
23 1 34 1
23 20 26 22
23 73 34 73
23 77 32 77
23 101 28 102
23 123 34 123
23 138 33 138
23 163 33 163
23 186 34 186
23 203 32 203
23 207 34 207
23 213 31 213
23 230 28 231
24 4 29 5
24 6 35 6
24 24 35 24
24 33 35 33
24 34 35 34
24 49 33 49
24 64 29 65
24 66 29 67
24 68 34 68
24 82 34 82
24 90 27 92
24 104 31 104
24 110 35 110
24 111 34 111
24 126 35 126
24 159 33 159
24 161 35 161
24 164 35 164
24 166 34 166
24 190 35 190
24 198 35 198
24 225 32 225
24 242 35 242
25 13 35 13
25 39 33 39
25 50 36 50
25 56 35 56
25 103 36 103
25 105 27 107
25 108 29 109
25 112 34 112
25 114 36 114
25 139 30 140
25 146 35 146
25 151 36 151
25 154 35 154
25 155 35 155
25 156 36 156
25 162 35 162
25 167 30 168
25 169 29 170
25 187 30 188
25 202 34 202
25 218 35 218
25 223 29 224
25 226 30 227
25 228 34 228
25 229 34 229
26 3 37 3
26 8 31 9
26 36 36 36
26 42 36 42
26 54 36 54
26 55 36 55
26 60 36 60
26 80 36 80
26 83 37 83
26 124 37 124
26 152 35 152
26 173 36 173
26 174 36 174
26 189 35 189
26 236 37 236
26 240 37 240
26 241 35 241
27 11 32 12
27 20 30 22
27 27 32 28
27 37 37 37
27 43 37 43
27 71 37 71
27 74 38 74
27 78 35 78
27 95 36 95
27 128 37 128
27 131 38 131
27 148 37 148
27 150 37 150
27 171 31 172
27 184 32 185
27 192 37 192
27 214 38 214
27 232 38 232
27 233 36 233
27 234 36 234
27 247 38 247
28 2 37 2
28 16 38 16
28 29 39 29
28 51 39 51
28 59 36 59
28 69 39 69
28 86 33 87
28 88 30 91
28 92 36 92
28 100 37 100
28 105 31 107
28 118 39 118
28 129 39 129
28 133 33 134
28 136 38 136
28 157 37 157
28 160 39 160
28 165 37 165
28 180 35 180
28 205 39 205
28 217 39 217
28 221 38 221
28 248 39 248
29 15 39 15
29 18 34 19
29 25 39 25
29 26 39 26
29 32 39 32
29 35 40 35
29 41 38 41
29 96 40 96
29 97 39 97
29 101 37 101
29 102 38 102
29 121 39 121
29 125 39 125
29 143 39 143
29 145 40 145
29 208 40 208
29 211 38 211
29 212 40 212
29 215 38 215
29 230 39 230
29 231 37 231
29 244 39 244
30 4 35 5
30 10 39 10
30 17 41 17
30 38 39 38
30 62 41 62
30 63 40 63
30 64 40 64
30 65 38 65
30 66 41 66
30 67 40 67
30 75 41 75
30 99 41 99
30 108 39 108
30 109 38 109
30 117 40 117
30 120 41 120
30 137 40 137
30 142 39 142
30 149 41 149
30 169 35 170
30 181 41 181
30 194 35 195
30 210 39 210
30 216 39 216
30 223 41 223
30 224 40 224
30 243 41 243
31 7 39 7
31 20 36 21
31 22 41 22
31 47 40 47
31 48 41 48
31 79 42 79
31 88 33 91
31 93 40 93
31 94 41 94
31 98 41 98
31 115 42 115
31 139 36 140
31 144 42 144
31 147 42 147
31 167 41 167
31 187 42 187
31 188 41 188
31 191 41 191
31 197 39 197
31 200 42 200
31 222 40 222
31 226 36 227
31 237 36 238
31 239 41 239
32 8 37 9
32 31 42 31
32 52 43 52
32 58 42 58
32 72 40 72
32 76 42 76
32 81 43 81
32 85 42 85
32 104 43 104
32 105 43 105
32 106 42 106
32 107 41 107
32 116 41 116
32 119 43 119
32 141 42 141
32 158 41 158
32 168 43 168
32 171 41 171
32 172 43 172
32 175 37 176
32 177 43 177
32 178 40 178
32 196 42 196
32 209 42 209
32 213 41 213
32 220 40 220
32 235 43 235
32 245 37 246
33 11 42 11
33 12 42 12
33 14 41 14
33 23 44 23
33 27 41 27
33 28 43 28
33 30 41 30
33 44 38 45
33 53 44 53
33 57 44 57
33 61 43 61
33 77 42 77
33 122 43 122
33 127 44 127
33 130 43 130
33 135 43 135
33 182 44 182
33 184 44 184
33 193 43 193
33 203 44 203
33 206 42 206
34 39 45 39
34 49 42 49
34 70 45 70
34 86 35 91
34 132 38 133
34 134 44 134
34 138 45 138
34 163 43 163
34 179 43 179
34 183 45 183
34 201 44 201
34 219 44 219
34 249 44 249
35 0 39 1
35 18 44 18
35 68 45 68
35 84 46 84
35 111 38 113
35 123 45 123
35 166 44 166
35 185 46 185
35 186 45 186
35 199 46 199
35 202 45 202
35 204 46 204
35 207 45 207
35 228 45 228
35 229 46 229
36 4 47 4
36 5 46 5
36 6 46 6
36 13 45 13
36 24 46 24
36 33 41 34
36 46 47 46
36 73 47 73
36 78 44 78
36 86 41 87
36 88 46 88
36 89 47 89
36 90 47 90
36 91 47 91
36 110 46 110
36 126 45 126
36 152 46 152
36 153 41 154
36 155 45 155
36 161 44 161
36 162 46 162
36 164 45 164
36 169 40 170
36 180 47 180
36 189 40 190
36 194 46 194
36 195 47 195
36 198 43 198
36 218 47 218
36 241 41 242
37 19 40 21
37 36 47 36
37 42 47 42
37 54 40 56
37 59 47 59
37 60 47 60
37 80 47 80
37 82 48 82
37 92 45 92
37 103 45 103
37 114 47 114
37 139 47 139
37 140 47 140
37 146 48 146
37 151 46 151
37 156 48 156
37 173 47 173
37 225 48 225
37 226 41 227
37 233 42 234
37 237 42 238
38 2 43 3
38 8 48 8
38 9 47 9
38 37 48 37
38 40 49 40
38 43 48 43
38 50 49 50
38 71 48 71
38 83 49 83
38 100 43 101
38 124 47 124
38 128 48 128
38 148 48 148
38 150 49 150
38 157 46 157
38 159 49 159
38 165 48 165
38 174 42 175
38 176 47 176
38 192 48 192
38 231 46 231
38 236 48 236
38 240 49 240
38 245 47 245
38 246 48 246
39 16 48 16
39 41 48 41
39 44 44 45
39 65 48 65
39 74 48 74
39 95 50 95
39 102 50 102
39 109 49 109
39 111 49 111
39 112 44 113
39 131 49 131
39 132 44 133
39 136 50 136
39 211 49 211
39 214 48 214
39 215 48 215
39 221 49 221
39 232 48 232
39 247 50 247
40 1 50 1
40 7 51 7
40 10 51 10
40 15 50 15
40 25 48 25
40 29 50 29
40 32 49 32
40 38 50 38
40 51 50 51
40 69 49 69
40 108 50 108
40 121 50 121
40 125 50 125
40 129 49 129
40 142 51 142
40 160 47 160
40 197 49 197
40 205 48 205
40 210 51 210
40 230 51 230
40 248 49 248
41 19 44 21
41 26 52 26
41 35 51 35
41 47 51 47
41 54 50 54
41 55 46 56
41 63 51 63
41 64 51 64
41 67 52 67
41 72 50 72
41 93 51 93
41 96 51 96
41 117 50 117
41 137 51 137
41 169 51 169
41 170 51 170
41 178 51 178
41 189 46 190
41 208 52 208
41 212 51 212
41 220 51 220
41 222 52 222
41 224 51 224
41 244 52 244
42 0 53 0
42 14 52 14
42 17 53 17
42 22 52 22
42 27 53 27
42 30 51 30
42 33 47 34
42 48 51 48
42 62 49 62
42 66 52 66
42 75 52 75
42 86 52 86
42 87 53 87
42 94 52 94
42 97 45 99
42 107 53 107
42 116 50 116
42 120 52 120
42 145 53 145
42 149 53 149
42 154 53 154
42 158 51 158
42 167 52 167
42 171 51 171
42 181 52 181
42 188 52 188
42 191 52 191
42 213 53 213
42 216 53 216
42 223 53 223
42 226 47 227
42 239 53 239
42 241 52 241
42 242 52 242
42 243 53 243
43 11 53 11
43 12 53 12
43 31 54 31
43 49 54 49
43 58 52 58
43 76 47 77
43 79 53 79
43 85 53 85
43 106 54 106
43 115 52 115
43 118 54 118
43 141 54 141
43 144 51 144
43 147 54 147
43 174 47 175
43 187 52 187
43 196 53 196
43 200 53 200
43 206 53 206
43 209 54 209
43 233 52 233
43 234 54 234
43 237 48 238
44 2 49 3
44 28 53 28
44 52 53 52
44 61 52 61
44 81 53 81
44 100 55 100
44 101 52 101
44 104 54 104
44 105 53 105
44 119 55 119
44 122 55 122
44 163 54 163
44 168 54 168
44 172 53 172
44 177 54 177
44 179 52 179
44 193 52 193
44 198 54 198
44 235 54 235
45 18 47 21
45 44 55 44
45 57 54 57
45 78 55 78
45 112 54 112
45 113 53 113
45 127 54 127
45 130 56 130
45 132 49 133
45 134 55 134
45 143 56 143
45 153 56 153
45 161 55 161
45 166 55 166
45 182 55 182
45 184 54 184
45 201 56 201
45 203 56 203
45 219 56 219
46 13 56 13
46 23 57 23
46 39 56 39
46 53 57 53
46 68 56 68
46 70 57 70
46 97 51 98
46 99 54 99
46 103 56 103
46 135 57 135
46 138 55 138
46 155 55 155
46 164 56 164
46 183 54 183
46 186 56 186
46 217 57 217
47 5 56 5
47 6 55 6
47 55 52 56
47 84 57 84
47 88 57 88
47 110 57 110
47 151 56 151
47 152 58 152
47 157 56 157
47 162 56 162
47 185 58 185
47 189 51 190
47 199 57 199
47 202 58 202
47 204 57 204
47 228 52 229
47 231 56 231
48 4 58 4
48 9 57 9
48 18 52 19
48 20 59 20
48 21 58 21
48 24 59 24
48 33 59 33
48 34 58 34
48 36 55 36
48 45 52 46
48 59 58 59
48 60 58 60
48 73 57 73
48 76 53 77
48 80 59 80
48 89 52 90
48 91 53 92
48 114 59 114
48 124 57 124
48 139 56 139
48 140 59 140
48 160 58 160
48 173 50 176
48 180 59 180
48 194 59 194
48 195 58 195
48 226 52 227
48 249 59 249
49 8 59 8
49 16 60 16
49 25 59 25
49 37 60 37
49 41 59 41
49 42 53 43
49 65 59 65
49 71 58 71
49 74 58 74
49 126 60 126
49 128 59 128
49 148 60 148
49 165 58 165
49 192 59 192
49 205 59 205
49 214 53 215
49 225 59 225
49 232 59 232
49 236 58 236
49 245 54 246
50 2 55 3
50 32 60 32
50 40 60 40
50 50 59 50
50 69 60 69
50 82 55 83
50 109 60 109
50 111 58 111
50 131 60 131
50 132 54 133
50 150 61 150
50 197 61 197
50 207 61 207
50 211 60 211
50 218 61 218
50 221 60 221
50 248 59 248
51 1 59 1
51 15 62 15
51 29 60 29
51 38 61 38
51 51 60 51
51 54 61 54
51 72 60 72
51 95 62 95
51 102 61 102
51 108 61 108
51 116 56 117
51 125 61 125
51 136 60 136
51 146 62 146
51 173 53 176
51 237 62 237
51 238 62 238
51 247 60 247
52 7 63 7
52 10 61 10
52 30 62 30
52 47 57 48
52 63 62 63
52 64 62 64
52 93 62 93
52 96 55 98
52 129 63 129
52 137 61 137
52 142 63 142
52 144 61 144
52 158 62 158
52 169 63 169
52 170 57 171
52 178 60 178
52 189 63 189
52 210 62 210
52 212 61 212
52 220 62 220
52 224 62 224
52 230 62 230
53 14 63 14
53 19 63 19
53 22 64 22
53 45 58 46
53 55 57 56
53 58 62 58
53 61 58 62
53 66 58 67
53 75 62 75
53 86 63 86
53 89 58 90
53 94 62 94
53 101 63 101
53 115 63 115
53 120 63 120
53 159 64 159
53 167 64 167
53 179 64 179
53 181 63 181
53 187 57 188
53 191 63 191
53 193 64 193
53 208 63 208
53 222 63 222
53 226 55 229
53 233 62 233
53 240 58 241
53 242 63 242
53 244 62 244
54 0 63 0
54 11 61 11
54 12 63 12
54 17 58 18
54 26 58 27
54 28 65 28
54 42 58 43
54 52 63 52
54 76 59 77
54 81 65 81
54 85 63 85
54 87 63 87
54 91 59 92
54 105 63 105
54 107 64 107
54 113 65 113
54 145 64 145
54 149 63 149
54 154 64 154
54 172 64 172
54 173 58 174
54 175 59 176
54 196 64 196
54 200 64 200
54 206 63 206
54 213 64 213
54 214 63 214
54 215 64 215
54 223 64 223
54 239 62 239
55 31 64 31
55 49 66 49
55 57 66 57
55 99 65 99
55 104 64 104
55 106 66 106
55 112 65 112
55 118 66 118
55 127 65 127
55 132 59 133
55 141 66 141
55 147 65 147
55 163 65 163
55 168 65 168
55 177 65 177
55 183 66 183
55 184 65 184
55 190 66 190
55 198 65 198
55 209 66 209
55 234 65 234
55 235 64 235
55 243 66 243
55 245 60 246
56 2 61 3
56 35 60 36
56 44 63 44
56 78 66 78
56 82 61 83
56 96 65 96
56 97 61 98
56 100 67 100
56 119 64 119
56 121 60 122
56 123 67 123
56 134 66 134
56 138 67 138
56 155 65 155
56 156 67 156
56 161 66 161
56 182 65 182
56 216 67 216
56 226 58 229
57 5 62 6
57 13 68 13
57 39 67 39
57 68 68 68
57 103 68 103
57 117 67 117
57 130 67 130
57 139 67 139
57 143 68 143
57 151 67 151
57 153 68 153
57 157 66 157
57 162 68 162
57 164 66 164
57 186 65 186
57 201 68 201
57 203 67 203
57 219 68 219
57 231 68 231
58 9 67 9
58 23 69 23
58 47 68 47
58 48 69 48
58 53 68 53
58 55 67 55
58 56 67 56
58 70 69 70
58 73 68 73
58 79 69 79
58 110 69 110
58 124 69 124
58 135 68 135
58 170 63 171
58 187 69 187
58 188 68 188
58 199 69 199
58 204 67 204
58 217 68 217
59 4 69 4
59 17 69 17
59 18 70 18
59 26 64 27
59 34 70 34
59 42 70 42
59 45 70 45
59 46 68 46
59 59 61 62
59 66 69 66
59 67 69 67
59 71 68 71
59 74 68 74
59 84 70 84
59 88 63 89
59 90 69 90
59 111 67 111
59 152 69 152
59 160 69 160
59 165 69 165
59 173 69 173
59 174 70 174
59 185 70 185
59 195 69 195
59 202 67 202
59 226 67 226
59 227 64 228
59 229 70 229
59 240 70 240
59 241 68 241
60 1 71 1
60 8 70 8
60 20 69 20
60 24 70 24
60 25 71 25
60 33 70 33
60 41 70 41
60 50 71 50
60 65 71 65
60 76 65 77
60 80 69 80
60 91 65 92
60 114 68 114
60 132 70 132
60 133 70 133
60 140 70 140
60 175 65 176
60 180 70 180
60 194 69 194
60 205 70 205
60 225 67 225
60 232 68 232
60 248 70 248
60 249 70 249
61 16 72 16
61 29 71 29
61 32 71 32
61 35 71 35
61 36 66 37
61 40 70 40
61 51 72 51
61 69 71 69
61 72 70 72
61 109 71 109
61 121 72 121
61 126 71 126
61 136 70 136
61 148 71 148
61 166 72 166
61 178 69 178
61 221 71 221
61 245 70 245
61 246 66 247
62 2 67 3
62 10 66 11
62 38 73 38
62 54 73 54
62 59 67 60
62 61 67 62
62 82 67 83
62 97 72 97
62 98 72 98
62 102 71 102
62 116 73 116
62 125 73 125
62 131 73 131
62 137 72 137
62 144 71 144
62 197 73 197
62 207 72 207
62 211 67 212
62 218 72 218
63 5 73 5
63 15 73 15
63 30 73 30
63 63 73 63
63 64 74 64
63 75 74 75
63 93 73 93
63 94 73 94
63 95 73 95
63 108 74 108
63 122 74 122
63 128 74 128
63 146 72 146
63 150 74 150
63 158 72 158
63 210 73 210
63 220 72 220
63 224 72 224
63 230 73 230
63 233 74 233
63 237 68 238
63 244 72 244
64 0 74 0
64 7 72 7
64 12 73 12
64 14 74 14
64 19 73 19
64 43 68 44
64 58 75 58
64 85 75 85
64 86 74 86
64 87 74 87
64 89 74 89
64 101 74 101
64 105 75 105
64 120 75 120
64 129 73 129
64 142 72 142
64 149 74 149
64 169 69 170
64 171 74 171
64 181 74 181
64 191 74 191
64 192 75 192
64 206 74 206
64 208 75 208
64 214 71 214
64 242 74 242
65 26 75 26
65 31 74 31
65 107 74 107
65 115 76 115
65 145 75 145
65 159 76 159
65 167 74 167
65 172 75 172
65 179 76 179
65 193 75 193
65 196 73 196
65 213 75 213
65 215 75 215
65 222 76 222
65 227 70 228
65 235 75 235
66 6 77 6
66 21 77 21
66 28 77 28
66 52 77 52
66 76 71 77
66 81 76 81
66 91 75 91
66 92 74 92
66 96 76 96
66 99 77 99
66 112 75 112
66 127 76 127
66 147 76 147
66 163 75 163
66 168 76 168
66 175 74 175
66 176 76 176
66 177 75 177
66 184 76 184
66 186 76 186
66 223 77 223
66 234 75 234
67 10 76 10
67 11 76 11
67 36 77 36
67 37 77 37
67 49 78 49
67 57 77 57
67 78 77 78
67 88 78 88
67 104 78 104
67 106 78 106
67 113 78 113
67 118 71 119
67 154 72 155
67 157 77 157
67 161 77 161
67 183 77 183
67 189 71 190
67 198 78 198
67 200 78 200
67 209 77 209
67 236 78 236
67 243 77 243
67 246 71 247
68 2 79 2
68 3 78 3
68 9 79 9
68 39 78 39
68 55 79 55
68 56 78 56
68 59 73 60
68 61 78 61
68 62 78 62
68 82 73 83
68 100 79 100
68 111 78 111
68 123 77 123
68 130 76 130
68 138 73 139
68 141 79 141
68 151 78 151
68 156 79 156
68 202 77 202
68 203 78 203
68 204 75 204
68 212 77 212
68 216 78 216
68 225 79 225
68 226 79 226
69 44 80 44
69 46 73 47
69 53 78 53
69 68 79 68
69 71 79 71
69 73 73 74
69 103 80 103
69 114 80 114
69 134 72 135
69 143 78 143
69 153 79 153
69 188 80 188
69 217 80 217
69 219 80 219
69 231 79 231
69 232 78 232
69 237 78 237
69 238 74 239
70 4 81 4
70 17 81 17
70 20 81 20
70 22 75 23
70 48 80 48
70 66 79 66
70 67 81 67
70 79 75 80
70 90 80 90
70 124 80 124
70 152 79 152
70 160 80 160
70 164 81 164
70 165 81 165
70 169 80 169
70 170 81 170
70 173 81 173
70 178 80 178
70 187 79 187
70 194 81 194
70 195 81 195
71 8 81 8
71 13 82 13
71 18 80 18
71 24 82 24
71 33 82 33
71 34 78 34
71 40 81 40
71 41 75 42
71 43 82 43
71 45 82 45
71 72 81 72
71 84 82 84
71 132 82 132
71 133 82 133
71 136 80 136
71 174 82 174
71 180 79 180
71 185 81 185
71 205 79 205
71 211 82 211
71 227 76 228
71 229 80 229
71 240 82 240
71 245 78 245
71 248 75 249
72 1 82 1
72 25 83 25
72 29 83 29
72 32 83 32
72 35 82 35
72 65 82 65
72 69 82 69
72 76 76 77
72 102 83 102
72 109 82 109
72 117 77 118
72 144 83 144
72 148 83 148
72 162 83 162
72 189 82 189
72 190 81 190
72 214 79 214
72 246 82 246
72 247 81 247
73 7 83 7
73 16 83 16
73 50 78 51
73 97 82 97
73 121 83 121
73 126 84 126
73 134 82 134
73 135 84 135
73 137 83 137
73 142 83 142
73 146 83 146
73 154 84 154
73 158 83 158
73 166 83 166
73 207 82 207
73 218 81 218
73 220 78 221
73 224 83 224
73 244 83 244
74 5 83 5
74 15 85 15
74 27 85 27
74 30 84 30
74 46 85 46
74 47 84 47
74 54 81 54
74 59 78 60
74 63 85 63
74 73 78 74
74 82 84 82
74 83 85 83
74 93 82 93
74 94 85 94
74 95 85 95
74 98 85 98
74 116 85 116
74 125 82 125
74 129 84 129
74 131 83 131
74 138 85 138
74 140 85 140
74 196 79 197
74 201 85 201
74 210 85 210
75 0 86 0
75 14 85 14
75 31 86 31
75 38 86 38
75 64 82 64
75 75 84 75
75 86 83 86
75 89 84 89
75 92 84 92
75 101 85 101
75 107 86 107
75 108 86 108
75 110 86 110
75 119 86 119
75 128 84 128
75 149 82 149
75 150 85 150
75 167 85 167
75 171 85 171
75 175 84 175
75 181 80 182
75 191 86 191
75 206 84 206
75 233 85 233
75 238 80 239
75 241 80 242
76 22 85 22
76 23 86 23
76 26 86 26
76 41 80 42
76 58 86 58
76 79 86 79
76 80 86 80
76 91 86 91
76 105 86 105
76 112 86 112
76 122 87 122
76 145 86 145
76 155 87 155
76 163 87 163
76 172 87 172
76 177 86 177
76 192 81 193
76 204 86 204
76 208 86 208
76 215 87 215
76 234 87 234
76 235 85 235
76 248 86 248
76 249 86 249
77 10 82 11
77 19 88 19
77 81 87 81
77 96 88 96
77 115 87 115
77 127 87 127
77 130 87 130
77 139 88 139
77 147 86 147
77 159 88 159
77 168 84 168
77 176 87 176
77 179 87 179
77 184 86 184
77 213 88 213
77 222 88 222
77 227 86 227
77 228 87 228
77 230 88 230
78 6 87 6
78 21 88 21
78 28 89 28
78 36 89 36
78 37 87 37
78 52 89 52
78 57 88 57
78 78 88 78
78 85 89 85
78 99 88 99
78 118 87 118
78 123 87 123
78 157 87 157
78 183 88 183
78 199 89 199
78 202 88 202
78 209 88 209
78 212 85 212
78 223 88 223
79 3 90 3
79 34 90 34
79 39 90 39
79 49 90 49
79 50 89 50
79 51 87 51
79 53 90 53
79 56 89 56
79 59 90 59
79 60 89 60
79 62 89 62
79 73 90 73
79 74 89 74
79 76 90 76
79 87 90 87
79 88 89 88
79 104 89 104
79 106 89 106
79 111 90 111
79 117 90 117
79 143 89 143
79 151 90 151
79 161 90 161
79 186 90 186
79 198 89 198
79 200 90 200
79 203 88 203
79 216 88 216
79 220 84 221
79 232 88 232
79 236 89 236
79 237 89 237
79 245 89 245
80 2 89 2
80 9 90 9
80 66 90 66
80 70 84 71
80 100 91 100
80 113 91 113
80 141 91 141
80 152 85 153
80 156 90 156
80 180 88 180
80 187 90 187
80 197 90 197
80 214 91 214
80 225 84 226
80 231 90 231
81 18 91 18
81 41 91 41
81 42 90 42
81 44 91 44
81 48 92 48
81 61 92 61
81 90 90 90
81 103 92 103
81 114 92 114
81 124 91 124
81 136 91 136
81 169 91 169
81 178 89 178
81 181 86 182
81 217 92 217
81 219 90 219
81 229 88 229
81 238 86 239
81 241 91 241
81 242 92 242
82 4 92 4
82 8 92 8
82 17 91 17
82 20 92 20
82 40 93 40
82 54 92 54
82 67 92 67
82 72 92 72
82 77 93 77
82 164 92 164
82 165 90 165
82 170 89 170
82 173 92 173
82 188 93 188
82 190 91 190
82 192 84 195
82 205 93 205
82 247 92 247
83 1 93 1
83 10 85 13
83 24 93 24
83 33 93 33
83 35 93 35
83 64 88 65
83 68 88 69
83 84 92 84
83 93 93 93
83 97 93 97
83 109 92 109
83 132 94 132
83 133 93 133
83 134 93 134
83 149 90 149
83 174 91 174
83 189 94 189
83 207 94 207
83 240 93 240
83 243 94 243
84 5 93 5
84 7 95 7
84 16 92 16
84 25 95 25
84 29 94 29
84 45 95 45
84 86 93 86
84 120 88 121
84 131 93 131
84 137 94 137
84 142 94 142
84 144 92 144
84 146 95 146
84 148 95 148
84 158 94 158
84 160 95 160
84 162 94 162
84 166 91 166
84 185 95 185
84 224 93 224
84 244 92 244
85 30 96 30
85 47 93 47
85 70 94 70
85 71 94 71
85 75 94 75
85 82 94 82
85 89 95 89
85 92 95 92
85 128 95 128
85 129 95 129
85 135 95 135
85 154 95 154
85 168 94 168
85 175 96 175
85 192 86 196
85 206 95 206
85 218 96 218
85 220 90 221
85 225 96 225
85 226 96 226
85 246 96 246
86 10 87 15
86 22 97 22
86 27 96 27
86 46 96 46
86 55 97 55
86 63 96 63
86 83 94 83
86 94 91 95
86 98 96 98
86 101 91 102
86 116 95 116
86 138 97 138
86 140 96 140
86 152 91 153
86 171 96 171
86 201 97 201
86 210 96 210
86 211 91 212
86 233 96 233
86 235 97 235
87 0 98 0
87 23 98 23
87 26 95 26
87 31 97 31
87 32 98 32
87 79 91 80
87 91 97 91
87 105 97 105
87 107 96 107
87 108 97 108
87 112 95 112
87 119 98 119
87 126 98 126
87 145 97 145
87 147 96 147
87 150 98 150
87 177 95 177
87 181 98 181
87 182 97 182
87 191 97 191
87 192 92 193
87 194 97 194
87 195 98 195
87 208 97 208
87 227 98 227
87 238 92 239
87 248 97 248
87 249 98 249
88 6 97 6
88 10 93 11
88 12 98 12
88 13 98 13
88 14 98 14
88 15 98 15
88 37 93 38
88 51 98 51
88 81 99 81
88 115 99 115
88 118 96 118
88 122 98 122
88 123 98 123
88 125 99 125
88 127 99 127
88 130 98 130
88 155 99 155
88 157 98 157
88 163 98 163
88 172 97 172
88 176 98 176
88 179 99 179
88 228 97 228
88 234 96 234
89 19 100 19
89 57 94 58
89 64 93 65
89 68 94 69
89 78 99 78
89 96 100 96
89 120 93 121
89 139 99 139
89 159 100 159
89 180 99 180
89 183 94 184
89 202 99 202
89 203 100 203
89 209 100 209
89 213 100 213
89 216 99 216
89 222 100 222
89 223 100 223
89 229 94 230
89 232 100 232
90 2 99 2
90 28 101 28
90 36 100 36
90 50 100 50
90 52 97 52
90 56 100 56
90 60 100 60
90 62 101 62
90 74 101 74
90 85 99 85
90 104 100 104
90 106 101 106
90 143 100 143
90 167 101 167
90 170 100 170
90 178 100 178
90 196 101 196
90 198 100 198
90 199 101 199
90 204 101 204
90 236 100 236
90 237 99 237
90 245 98 245
91 3 101 3
91 9 102 9
91 39 100 39
91 42 100 42
91 49 100 49
91 53 100 53
91 66 100 66
91 73 100 73
91 76 101 76
91 87 102 87
91 90 101 90
91 99 102 99
91 111 102 111
91 117 102 117
91 149 101 149
91 151 101 151
91 156 102 156
91 161 100 161
91 165 102 165
91 186 100 186
91 187 101 187
91 197 101 197
91 200 101 200
91 215 102 215
91 219 94 221
91 231 102 231
92 17 102 17
92 34 103 34
92 41 102 41
92 43 103 43
92 59 103 59
92 79 96 80
92 94 97 95
92 100 102 100
92 101 103 101
92 102 102 102
92 124 102 124
92 136 103 136
92 141 102 141
92 152 97 153
92 166 103 166
92 169 100 169
92 174 102 174
92 190 103 190
92 211 101 211
92 212 103 212
92 214 102 214
92 241 103 241
93 4 103 4
93 8 102 8
93 16 104 16
93 20 97 21
93 44 104 44
93 48 100 48
93 54 103 54
93 61 102 61
93 67 104 67
93 72 103 72
93 84 103 84
93 88 104 88
93 103 103 103
93 109 102 109
93 113 97 114
93 144 103 144
93 164 102 164
93 192 101 192
93 193 103 193
93 217 104 217
93 238 103 238
93 242 104 242
93 244 103 244
93 247 103 247
94 1 104 1
94 5 104 5
94 10 99 11
94 33 103 33
94 35 104 35
94 37 99 38
94 40 105 40
94 64 105 64
94 65 102 65
94 77 102 77
94 86 104 86
94 93 105 93
94 97 104 97
94 120 98 121
94 131 102 131
94 133 98 134
94 188 105 188
94 205 101 205
94 224 105 224
94 239 99 240
95 29 105 29
95 57 106 57
95 58 106 58
95 68 106 68
95 69 98 71
95 75 105 75
95 82 105 82
95 83 106 83
95 110 106 110
95 137 105 137
95 142 105 142
95 158 106 158
95 162 106 162
95 168 102 168
95 183 100 184
95 189 105 189
95 207 105 207
95 219 100 220
95 221 106 221
95 229 99 230
95 243 106 243
96 7 105 7
96 24 99 26
96 45 106 45
96 89 106 89
96 92 106 92
96 112 107 112
96 116 107 116
96 129 107 129
96 135 105 135
96 146 105 146
96 154 106 154
96 160 106 160
96 177 106 177
96 185 106 185
96 206 105 206
97 27 107 27
97 30 107 30
97 46 106 46
97 79 106 79
97 80 107 80
97 107 107 107
97 118 108 118
97 132 108 132
97 140 104 140
97 147 101 148
97 171 108 171
97 175 108 175
97 218 107 218
97 225 102 226
97 233 106 233
97 234 107 234
98 6 108 6
98 20 109 20
98 21 102 22
98 31 107 31
98 52 107 52
98 91 105 91
98 94 107 94
98 105 108 105
98 108 108 108
98 113 102 114
98 128 109 128
98 138 108 138
98 145 108 145
98 152 108 152
98 153 109 153
98 172 108 172
98 182 109 182
98 191 108 191
98 194 107 194
98 201 108 201
98 208 108 208
98 228 108 228
98 235 107 235
98 248 109 248
99 12 109 12
99 13 103 14
99 15 109 15
99 23 109 23
99 32 110 32
99 51 109 51
99 55 110 55
99 63 110 63
99 69 109 69
99 70 110 70
99 71 110 71
99 119 104 120
99 122 109 122
99 123 107 123
99 126 110 126
99 130 109 130
99 133 110 133
99 134 110 134
99 150 109 150
99 157 108 157
99 163 110 163
99 176 110 176
99 181 110 181
99 195 109 195
99 227 108 227
99 245 110 245
99 246 110 246
100 0 111 0
100 2 110 2
100 10 105 11
100 24 105 25
100 26 110 26
100 37 105 38
100 78 110 78
100 98 111 98
100 115 110 115
100 125 110 125
100 127 110 127
100 173 111 173
100 179 111 179
100 202 110 202
100 229 104 230
100 237 110 237
100 239 105 240
101 19 112 19
101 36 111 36
101 39 110 39
101 42 111 42
101 47 105 48
101 49 112 49
101 50 112 50
101 53 110 53
101 56 111 56
101 60 112 60
101 66 111 66
101 73 110 73
101 85 112 85
101 95 105 96
101 104 110 104
101 121 112 121
101 143 112 143
101 161 111 161
101 170 111 170
101 183 106 184
101 186 109 186
101 198 112 198
101 203 111 203
101 209 106 210
101 219 106 220
101 222 106 223
101 236 110 236
102 3 113 3
102 28 111 28
102 62 113 62
102 74 113 74
102 76 113 76
102 81 113 81
102 147 107 148
102 149 112 149
102 151 112 151
102 167 112 167
102 187 113 187
102 192 109 192
102 196 111 196
102 197 113 197
102 199 112 199
102 200 113 200
102 204 107 205
102 211 112 211
103 8 107 9
103 17 112 17
103 21 113 21
103 22 113 22
103 41 113 41
103 65 113 65
103 77 112 77
103 87 113 87
103 99 107 100
103 102 113 102
103 106 114 106
103 109 114 109
103 111 111 111
103 113 108 114
103 117 113 117
103 124 113 124
103 131 113 131
103 141 114 141
103 155 107 156
103 164 108 165
103 168 108 169
103 174 112 174
103 180 114 180
103 213 108 214
103 215 113 215
103 225 108 226
103 231 107 232
104 4 114 4
104 13 114 13
104 14 115 14
104 33 114 33
104 34 112 34
104 43 114 43
104 54 114 54
104 59 112 59
104 61 115 61
104 72 114 72
104 84 113 84
104 101 113 101
104 103 115 103
104 136 113 136
104 139 115 139
104 144 114 144
104 166 114 166
104 193 113 193
104 212 113 212
104 241 114 241
104 244 113 244
104 247 115 247
105 1 115 1
105 5 116 5
105 16 116 16
105 18 116 18
105 35 115 35
105 44 116 44
105 86 114 86
105 88 116 88
105 97 115 97
105 119 112 119
105 120 113 120
105 140 116 140
105 216 109 217
105 229 115 229
105 230 116 230
105 242 115 242
106 7 114 7
106 24 116 24
106 25 116 25
106 37 116 37
106 40 114 40
106 47 109 48
106 64 115 64
106 67 117 67
106 75 115 75
106 82 116 82
106 90 110 91
106 93 117 93
106 95 116 95
106 96 116 96
106 135 116 135
106 137 116 137
106 142 116 142
106 146 116 146
106 188 111 189
106 190 117 190
106 206 116 206
106 207 115 207
106 224 117 224
106 239 116 239
106 240 117 240
107 10 118 10
107 45 116 45
107 46 117 46
107 57 111 58
107 68 118 68
107 79 118 79
107 83 118 83
107 89 116 89
107 92 118 92
107 110 117 110
107 154 117 154
107 158 112 159
107 160 117 160
107 162 117 162
107 177 118 177
107 178 118 178
107 183 115 183
107 184 112 185
107 209 112 210
107 219 109 222
107 223 116 223
107 233 116 233
107 243 117 243
108 8 113 9
108 11 119 11
108 27 117 27
108 30 119 30
108 31 118 31
108 52 116 52
108 80 119 80
108 94 118 94
108 99 112 100
108 107 117 107
108 112 118 112
108 116 118 116
108 123 118 123
108 129 117 129
108 147 113 148
108 156 118 156
108 204 118 204
108 205 117 205
108 218 119 218
108 231 118 231
108 234 112 235
108 249 119 249
109 6 119 6
109 38 120 38
109 105 117 105
109 108 118 108
109 113 119 113
109 118 119 118
109 132 119 132
109 152 119 152
109 157 118 157
109 164 113 165
109 168 114 169
109 171 114 172
109 191 118 191
109 201 118 201
109 208 119 208
109 213 119 213
109 214 120 214
109 225 120 225
109 226 114 227
109 228 119 228
109 238 120 238
110 15 121 15
110 20 121 20
110 23 120 23
110 29 121 29
110 47 115 48
110 51 120 51
110 69 120 69
110 122 118 122
110 128 121 128
110 130 118 130
110 138 121 138
110 145 121 145
110 150 121 150
110 153 120 153
110 175 121 175
110 182 120 182
110 186 118 186
110 192 120 192
110 194 121 194
110 195 120 195
110 216 115 217
110 219 112 221
110 222 118 222
110 232 121 232
110 248 118 248
111 2 118 2
111 26 121 26
111 32 122 32
111 39 121 39
111 53 121 53
111 55 121 55
111 63 120 63
111 70 115 71
111 78 122 78
111 91 122 91
111 104 120 104
111 114 116 115
111 125 116 126
111 127 122 127
111 133 122 133
111 134 121 134
111 155 122 155
111 163 122 163
111 176 119 176
111 181 122 181
111 202 122 202
111 236 121 236
111 237 121 237
111 245 120 245
111 246 121 246
112 0 122 0
112 36 120 36
112 42 120 42
112 56 116 57
112 58 123 58
112 66 122 66
112 98 119 98
112 111 122 111
112 161 121 161
112 170 121 170
112 173 122 173
112 179 123 179
112 188 117 189
112 196 121 196
112 203 120 203
113 17 124 17
113 19 123 19
113 34 122 34
113 49 123 49
113 50 122 50
113 59 117 60
113 77 123 77
113 85 124 85
113 99 123 99
113 100 123 100
113 119 122 119
113 143 123 143
113 149 122 149
113 151 124 151
113 158 118 159
113 167 124 167
113 174 123 174
113 184 124 184
113 185 123 185
113 198 117 199
113 209 124 209
113 210 122 210
113 211 124 211
113 219 122 219
113 220 117 221
113 234 124 234
113 235 122 235
114 3 122 3
114 8 119 9
114 21 119 22
114 28 125 28
114 41 125 41
114 62 123 62
114 65 125 65
114 73 118 74
114 76 122 76
114 81 125 81
114 84 124 84
114 87 125 87
114 101 124 101
114 117 122 117
114 120 124 120
114 124 125 124
114 131 123 131
114 136 123 136
114 147 119 148
114 164 125 164
114 165 124 165
114 187 125 187
114 193 124 193
114 197 125 197
114 212 122 212
114 244 123 244
115 7 125 7
115 13 126 13
115 33 125 33
115 40 126 40
115 43 125 43
115 72 126 72
115 86 126 86
115 102 126 102
115 106 125 106
115 109 125 109
115 141 126 141
115 144 125 144
115 166 126 166
115 168 126 168
115 169 126 169
115 171 125 171
115 172 124 172
115 180 125 180
115 200 126 200
115 226 124 226
115 227 125 227
115 241 126 241
116 4 127 4
116 35 126 35
116 47 126 47
116 48 127 48
116 61 123 61
116 64 127 64
116 71 127 71
116 75 125 75
116 97 126 97
116 139 126 139
116 183 124 183
116 207 125 207
116 215 127 215
116 216 127 216
116 217 126 217
116 229 126 229
116 242 127 242
116 247 126 247
117 5 127 5
117 14 128 14
117 16 128 16
117 18 126 18
117 24 122 25
117 37 126 37
117 44 122 45
117 52 127 52
117 56 128 56
117 57 127 57
117 82 128 82
117 88 122 89
117 95 122 96
117 114 127 114
117 115 125 115
117 125 122 126
117 135 124 135
117 137 127 137
117 140 126 140
117 146 127 146
117 206 128 206
117 223 127 223
117 230 127 230
117 233 127 233
117 239 126 239
118 27 128 27
118 46 127 46
118 54 129 54
118 59 123 60
118 67 126 67
118 93 128 93
118 103 129 103
118 107 128 107
118 110 127 110
118 129 127 129
118 160 128 160
118 162 128 162
118 188 129 188
118 189 127 189
118 190 128 190
118 198 123 199
118 205 129 205
118 220 129 220
118 221 127 221
118 224 128 224
118 243 128 243
119 1 123 2
119 10 129 10
119 31 129 31
119 68 129 68
119 73 124 74
119 79 129 79
119 83 128 83
119 92 129 92
119 94 129 94
119 108 129 108
119 112 129 112
119 121 123 122
119 123 127 123
119 130 129 130
119 156 121 159
119 177 128 177
119 178 130 178
119 186 130 186
119 191 129 191
119 201 129 201
119 204 129 204
119 222 130 222
119 231 129 231
119 248 129 248
120 8 125 9
120 11 127 11
120 21 129 21
120 30 130 30
120 80 130 80
120 98 128 98
120 113 130 113
120 116 131 116
120 118 130 118
120 132 130 132
120 147 130 147
120 148 130 148
120 152 131 152
120 176 130 176
120 208 130 208
120 213 129 213
120 218 130 218
120 228 130 228
120 249 130 249
121 38 129 38
121 42 132 42
121 51 131 51
121 63 132 63
121 69 126 70
121 104 132 104
121 105 132 105
121 153 132 153
121 182 131 182
121 192 131 192
121 195 131 195
121 203 130 203
121 214 130 214
121 225 130 225
121 238 131 238
121 240 132 240
121 245 131 245
122 6 133 6
122 15 133 15
122 20 132 20
122 26 133 26
122 29 131 29
122 39 132 39
122 53 133 53
122 55 132 55
122 90 133 90
122 134 132 134
122 138 129 138
122 145 132 145
122 150 131 150
122 156 133 156
122 157 126 158
122 159 130 159
122 161 132 161
122 170 133 170
122 175 133 175
122 196 132 196
122 232 132 232
122 236 127 237
123 3 132 3
123 23 134 23
123 24 134 24
123 25 134 25
123 32 134 32
123 34 134 34
123 44 128 45
123 50 133 50
123 66 134 66
123 76 133 76
123 78 134 78
123 88 134 88
123 89 133 89
123 91 133 91
123 95 133 95
123 96 132 96
123 111 133 111
123 117 133 117
123 119 134 119
123 125 128 126
123 127 133 127
123 133 133 133
123 142 134 142
123 154 127 155
123 173 133 173
123 181 133 181
123 202 134 202
123 210 132 210
123 212 133 212
123 219 133 219
123 235 132 235
123 246 134 246
124 0 127 1
124 2 133 2
124 22 135 22
124 49 133 49
124 58 134 58
124 59 133 59
124 60 126 62
124 99 134 99
124 100 134 100
124 121 129 122
124 128 135 128
124 131 133 131
124 136 133 136
124 143 134 143
124 149 135 149
124 179 133 179
124 185 135 185
124 198 135 198
124 199 132 199
125 19 136 19
125 36 136 36
125 73 135 73
125 74 136 74
125 84 130 85
125 101 135 101
125 120 135 120
125 135 135 135
125 151 136 151
125 165 134 165
125 167 135 167
125 172 136 172
125 174 136 174
125 183 130 184
125 193 134 193
125 209 135 209
125 211 135 211
125 226 135 226
125 234 134 234
126 7 134 7
126 8 130 9
126 28 136 28
126 41 136 41
126 43 137 43
126 65 137 65
126 75 136 75
126 87 137 87
126 106 136 106
126 109 137 109
126 115 137 115
126 124 136 124
126 163 130 164
126 171 136 171
126 180 136 180
126 187 135 187
126 197 137 197
126 207 135 207
126 227 136 227
127 13 137 13
127 17 131 18
127 35 138 35
127 37 137 37
127 40 138 40
127 47 138 47
127 60 136 60
127 61 132 62
127 67 138 67
127 69 137 69
127 70 137 70
127 72 136 72
127 86 135 86
127 97 137 97
127 102 136 102
127 139 135 139
127 140 132 141
127 157 132 158
127 166 137 166
127 168 132 169
127 200 137 200
127 217 137 217
127 229 138 229
127 239 137 239
127 241 135 241
127 247 137 247
128 0 138 0
128 4 135 4
128 5 136 5
128 11 137 11
128 46 138 46
128 48 138 48
128 52 138 52
128 57 138 57
128 64 139 64
128 71 138 71
128 129 138 129
128 137 136 137
128 146 137 146
128 154 138 154
128 155 138 155
128 189 136 189
128 215 138 215
128 216 139 216
128 221 138 221
128 223 139 223
128 230 139 230
128 233 139 233
128 236 138 236
128 242 139 242
129 14 140 14
129 16 139 16
129 27 138 27
129 44 140 44
129 45 140 45
129 56 139 56
129 81 132 83
129 93 140 93
129 98 139 98
129 107 139 107
129 114 140 114
129 125 139 125
129 126 137 126
129 160 140 160
129 162 138 162
129 177 139 177
129 190 139 190
129 206 139 206
129 224 139 224
129 243 140 243
130 1 141 1
130 10 140 10
130 21 141 21
130 31 139 31
130 38 139 38
130 54 139 54
130 68 141 68
130 79 140 79
130 92 138 92
130 94 140 94
130 103 139 103
130 108 140 108
130 112 140 112
130 121 139 121
130 122 135 123
130 130 140 130
130 138 141 138
130 144 141 144
130 188 141 188
130 191 139 191
130 194 141 194
130 201 138 201
130 204 141 204
130 205 141 205
130 213 140 213
130 220 140 220
130 231 141 231
130 248 141 248
131 8 140 8
131 9 141 9
131 30 142 30
131 80 141 80
131 84 136 85
131 113 139 113
131 118 141 118
131 132 140 132
131 147 142 147
131 148 141 148
131 159 141 159
131 163 142 163
131 164 141 164
131 176 140 176
131 178 142 178
131 183 141 183
131 184 141 184
131 186 140 186
131 203 142 203
131 208 141 208
131 214 141 214
131 218 140 218
131 222 142 222
131 225 141 225
131 228 141 228
131 244 142 244
131 249 140 249
132 17 137 18
132 29 141 29
132 51 140 51
132 116 143 116
132 152 143 152
132 182 142 182
132 192 142 192
132 195 141 195
132 237 137 238
132 245 143 245
133 3 144 3
133 12 144 12
133 20 142 20
133 39 143 39
133 42 143 42
133 55 143 55
133 61 138 62
133 63 144 63
133 82 144 82
133 83 144 83
133 104 137 105
133 140 143 140
133 141 141 141
133 153 143 153
133 157 138 158
133 161 141 161
133 168 142 168
133 169 142 169
133 196 143 196
133 199 143 199
133 210 144 210
133 235 142 235
133 240 143 240
134 2 144 2
134 6 145 6
134 15 144 15
134 26 144 26
134 49 139 50
134 59 143 59
134 76 139 77
134 89 139 90
134 95 139 96
134 110 139 111
134 117 143 117
134 127 144 127
134 131 144 131
134 133 144 133
134 136 145 136
134 170 145 170
134 173 144 173
134 175 144 175
134 179 145 179
134 181 142 181
134 212 145 212
134 219 145 219
135 7 146 7
135 23 146 23
135 24 146 24
135 25 146 25
135 33 140 34
135 58 145 58
135 66 145 66
135 78 146 78
135 88 146 88
135 99 145 99
135 100 145 100
135 142 139 143
135 165 144 165
135 193 146 193
135 202 146 202
135 234 145 234
135 246 145 246
136 4 145 4
136 22 147 22
136 53 147 53
136 73 147 73
136 86 145 86
136 101 146 101
136 119 141 120
136 122 146 122
136 123 145 123
136 128 143 128
136 135 144 135
136 139 146 139
136 149 147 149
136 167 144 167
136 187 146 187
136 198 146 198
136 209 146 209
136 211 146 211
136 232 147 232
136 241 145 241
137 19 144 19
137 36 145 36
137 41 146 41
137 60 146 60
137 72 146 72
137 74 142 75
137 84 141 85
137 102 147 102
137 106 145 106
137 134 148 134
137 137 147 137
137 150 142 151
137 171 146 171
137 172 147 172
137 180 146 180
137 189 148 189
137 226 141 227
138 11 147 11
138 13 147 13
138 17 149 17
138 18 145 18
138 32 149 32
138 37 148 37
138 43 149 43
138 65 148 65
138 69 148 69
138 70 148 70
138 97 149 97
138 104 149 104
138 105 148 105
138 109 147 109
138 124 149 124
138 145 142 146
138 166 147 166
138 200 149 200
138 217 149 217
138 237 149 237
138 238 143 239
138 247 148 247
139 0 148 0
139 27 148 27
139 40 149 40
139 46 142 48
139 52 148 52
139 57 149 57
139 61 149 61
139 62 149 62
139 67 149 67
139 87 150 87
139 92 150 92
139 115 150 115
139 126 150 126
139 129 149 129
139 154 144 155
139 156 142 158
139 162 150 162
139 185 150 185
139 201 149 201
139 215 149 215
139 221 149 221
139 229 150 229
139 236 150 236
140 16 150 16
140 31 150 31
140 38 149 38
140 49 151 49
140 54 150 54
140 56 148 56
140 64 147 64
140 77 148 77
140 89 149 89
140 90 150 90
140 95 145 96
140 98 151 98
140 103 149 103
140 107 150 107
140 113 150 113
140 121 150 121
140 125 151 125
140 143 149 143
140 177 150 177
140 190 145 191
140 206 151 206
140 216 149 216
140 223 149 223
140 224 150 224
140 230 150 230
140 233 150 233
140 242 150 242
141 5 152 5
141 8 151 8
141 10 150 10
141 14 151 14
141 33 144 35
141 44 151 44
141 45 151 45
141 50 145 51
141 76 152 76
141 79 150 79
141 93 151 93
141 94 150 94
141 108 152 108
141 110 144 112
141 114 150 114
141 130 151 130
141 132 152 132
141 160 151 160
141 176 151 176
141 186 150 186
141 213 151 213
141 218 151 218
141 220 151 220
141 249 151 249
142 1 152 1
142 9 153 9
142 21 153 21
142 28 147 29
142 68 152 68
142 80 152 80
142 81 153 81
142 84 151 84
142 85 151 85
142 91 153 91
142 118 152 118
142 119 152 119
142 120 151 120
142 138 152 138
142 141 152 141
142 144 153 144
142 148 151 148
142 161 151 161
142 174 153 174
142 183 150 183
142 184 152 184
142 188 153 188
142 194 152 194
142 195 151 195
142 205 150 205
142 208 151 208
142 214 152 214
142 225 151 225
142 226 146 227
142 228 152 228
142 248 151 248
143 20 153 20
143 30 153 30
143 46 148 47
143 48 151 48
143 74 154 74
143 75 153 75
143 142 154 142
143 145 148 146
143 147 153 147
143 150 154 150
143 151 152 151
143 157 148 158
143 163 153 163
143 164 154 164
143 168 148 169
143 178 152 178
143 182 151 182
143 192 153 192
143 203 154 203
143 222 152 222
143 235 154 235
144 39 153 39
144 42 154 42
144 55 155 55
144 59 154 59
144 116 148 117
144 128 155 128
144 140 153 140
144 152 149 153
144 159 155 159
144 196 153 196
144 199 155 199
144 207 155 207
144 238 149 239
144 240 155 240
144 245 155 245
145 2 155 2
145 3 155 3
145 12 154 12
145 15 156 15
145 19 155 19
145 26 155 26
145 33 150 34
145 63 155 63
145 82 154 82
145 83 154 83
145 110 147 112
145 127 156 127
145 131 156 131
145 133 155 133
145 135 155 135
145 155 156 155
145 165 156 165
145 167 155 167
145 173 155 173
145 175 155 175
145 204 156 204
145 210 156 210
146 4 156 4
146 6 155 6
146 18 157 18
146 35 149 36
146 50 154 50
146 58 157 58
146 66 157 66
146 71 157 71
146 86 156 86
146 95 151 96
146 99 157 99
146 100 155 100
146 106 155 106
146 123 156 123
146 136 156 136
146 190 150 191
146 212 157 212
146 219 156 219
146 234 153 234
146 241 156 241
146 243 157 243
146 246 155 246
147 7 158 7
147 23 152 24
147 25 157 25
147 60 157 60
147 72 157 72
147 78 157 78
147 88 157 88
147 101 156 101
147 122 158 122
147 139 156 139
147 154 158 154
147 170 151 171
147 179 158 179
147 180 158 180
147 187 157 187
147 193 157 193
147 197 152 198
147 202 158 202
147 209 157 209
147 211 157 211
147 226 157 226
147 227 157 227
148 11 155 11
148 13 157 13
148 22 158 22
148 28 153 29
148 53 158 53
148 64 157 64
148 73 157 73
148 102 158 102
148 109 151 111
148 112 158 112
148 137 158 137
148 149 159 149
148 166 159 166
148 172 158 172
148 231 152 232
149 0 160 0
149 27 158 27
149 37 158 37
149 46 160 46
149 47 159 47
149 52 157 52
149 69 154 70
149 105 160 105
149 116 160 116
149 117 159 117
149 134 159 134
149 145 154 146
149 156 152 158
149 168 159 168
149 169 157 169
149 189 157 189
149 247 159 247
150 17 159 17
150 32 161 32
150 35 160 35
150 36 161 36
150 38 159 38
150 40 161 40
150 43 161 43
150 51 161 51
150 57 159 57
150 61 155 62
150 65 161 65
150 67 160 67
150 89 161 89
150 97 160 97
150 103 155 104
150 124 161 124
150 143 159 143
150 152 155 153
150 200 157 200
150 201 159 201
150 215 153 217
150 221 161 221
150 237 161 237
150 238 159 238
150 239 161 239
150 244 161 244
151 10 162 10
151 16 160 16
151 31 161 31
151 33 159 33
151 34 161 34
151 54 162 54
151 56 162 56
151 79 160 79
151 87 161 87
151 92 161 92
151 94 161 94
151 107 159 107
151 113 156 114
151 115 160 115
151 121 162 121
151 126 162 126
151 129 162 129
151 162 160 162
151 177 161 177
151 183 159 183
151 185 156 186
151 190 161 190
151 191 162 191
151 205 161 205
151 223 155 224
151 229 161 229
151 230 161 230
151 233 161 233
151 236 162 236
152 8 163 8
152 14 163 14
152 44 163 44
152 45 161 45
152 48 163 48
152 49 163 49
152 85 162 85
152 93 161 93
152 95 157 96
152 98 163 98
152 109 157 110
152 111 162 111
152 125 161 125
152 130 162 130
152 148 163 148
152 160 161 160
152 161 160 161
152 170 163 170
152 171 163 171
152 176 161 176
152 181 157 182
152 195 161 195
152 206 163 206
152 208 161 208
152 213 163 213
152 218 162 218
152 220 161 220
152 225 163 225
152 248 161 248
152 249 162 249
153 1 163 1
153 5 162 5
153 23 162 23
153 24 163 24
153 41 164 41
153 68 163 68
153 76 158 77
153 80 163 80
153 108 162 108
153 118 164 118
153 119 158 120
153 132 164 132
153 138 163 138
153 151 163 151
153 156 164 156
153 157 163 157
153 178 163 178
153 194 163 194
153 197 162 197
153 198 163 198
153 214 161 214
153 222 162 222
153 228 163 228
153 231 158 232
153 242 164 242
154 9 162 9
154 20 159 21
154 28 157 30
154 39 164 39
154 75 165 75
154 81 162 81
154 90 159 91
154 140 165 140
154 147 164 147
154 163 164 163
154 174 165 174
154 188 164 188
154 192 165 192
154 196 163 196
154 215 159 216
154 217 165 217
154 234 162 234
155 12 166 12
155 50 165 50
155 59 162 59
155 69 166 69
155 74 165 74
155 82 160 83
155 142 164 142
155 144 166 144
155 145 159 146
155 150 166 150
155 203 166 203
155 235 165 235
156 2 166 2
156 3 166 3
156 6 167 6
156 11 166 11
156 19 164 19
156 26 167 26
156 55 166 55
156 61 166 61
156 62 166 62
156 63 167 63
156 100 163 100
156 103 167 103
156 104 166 104
156 106 166 106
156 128 166 128
156 133 166 133
156 152 161 153
156 159 163 159
156 167 166 167
156 173 165 173
156 175 166 175
156 199 165 199
156 207 166 207
156 224 165 224
156 240 166 240
156 245 166 245
156 246 165 246
157 4 165 4
157 15 167 15
157 84 168 84
157 86 168 86
157 101 167 101
157 113 162 114
157 127 168 127
157 131 168 131
157 135 162 136
157 139 166 139
157 155 168 155
157 158 168 158
157 164 162 165
157 185 166 185
157 204 168 204
157 210 167 210
157 219 165 219
157 241 166 241
158 13 169 13
158 25 168 25
158 28 163 29
158 30 168 30
158 52 168 52
158 58 168 58
158 60 168 60
158 64 169 64
158 66 166 66
158 70 163 71
158 72 168 72
158 73 167 73
158 88 166 88
158 95 163 96
158 99 168 99
158 109 169 109
158 110 167 110
158 169 168 169
158 181 168 181
158 182 168 182
158 187 167 187
158 189 168 189
158 211 168 211
158 223 169 223
158 226 169 226
158 227 169 227
158 243 168 243
159 7 170 7
159 22 168 22
159 27 166 27
159 37 169 37
159 53 169 53
159 76 164 77
159 102 169 102
159 112 170 112
159 119 164 120
159 122 170 122
159 137 170 137
159 154 170 154
159 172 169 172
159 179 168 179
159 184 170 184
159 186 170 186
159 202 168 202
159 231 168 231
159 232 169 232
160 17 171 17
160 20 164 21
160 38 169 38
160 42 171 42
160 47 170 47
160 57 169 57
160 91 169 91
160 107 169 107
160 117 171 117
160 123 171 123
160 134 169 134
160 143 170 143
160 145 170 145
160 146 170 146
160 166 171 166
160 168 169 168
160 183 168 183
160 193 171 193
160 215 170 215
160 216 171 216
160 238 169 238
160 247 168 247
161 0 172 0
161 16 171 16
161 18 172 18
161 35 171 35
161 46 172 46
161 78 166 79
161 82 172 82
161 83 171 83
161 97 171 97
161 105 172 105
161 115 170 115
161 149 172 149
161 161 166 162
161 200 172 200
162 31 167 32
162 34 172 34
162 36 172 36
162 40 172 40
162 45 171 45
162 51 172 51
162 65 173 65
162 87 172 87
162 89 172 89
162 90 173 90
162 92 172 92
162 93 171 93
162 94 172 94
162 125 173 125
162 152 166 153
162 160 173 160
162 176 171 176
162 177 173 177
162 190 172 190
162 195 172 195
162 205 171 205
162 208 167 209
162 214 171 214
162 220 171 220
162 221 172 221
162 229 173 229
162 230 171 230
162 237 173 237
162 239 173 239
162 244 172 244
162 248 173 248
163 9 168 10
163 43 174 43
163 54 172 54
163 56 173 56
163 59 174 59
163 81 173 81
163 85 173 85
163 108 173 108
163 111 173 111
163 113 173 113
163 114 173 114
163 116 174 116
163 121 174 121
163 126 172 126
163 129 167 130
163 135 173 135
163 141 174 141
163 164 173 164
163 191 171 191
163 197 174 197
163 218 174 218
163 222 173 222
163 234 172 234
163 236 172 236
163 249 173 249
164 8 174 8
164 23 168 24
164 28 169 29
164 44 174 44
164 48 169 49
164 67 169 68
164 70 168 71
164 80 175 80
164 95 174 95
164 96 174 96
164 98 174 98
164 100 175 100
164 138 174 138
164 148 175 148
164 151 174 151
164 157 174 157
164 165 175 165
164 170 169 171
164 178 175 178
164 180 175 180
164 194 174 194
164 206 175 206
164 213 174 213
164 225 174 225
164 228 173 228
165 1 176 1
165 19 174 19
165 20 170 21
165 76 170 77
165 118 168 120
165 132 176 132
165 136 176 136
165 142 175 142
165 147 173 147
165 156 175 156
165 163 176 163
165 188 175 188
165 198 176 198
165 201 176 201
165 233 176 233
165 242 172 242
166 4 175 4
166 39 177 39
166 41 177 41
166 50 175 50
166 74 171 75
166 173 170 174
166 199 176 199
166 212 177 212
166 217 177 217
166 219 176 219
166 224 176 224
166 235 175 235
166 246 177 246
167 3 175 3
167 11 172 12
167 27 177 27
167 55 176 55
167 61 177 61
167 62 176 62
167 66 178 66
167 69 177 69
167 78 174 78
167 79 176 79
167 88 177 88
167 104 176 104
167 106 178 106
167 128 176 128
167 139 175 139
167 144 178 144
167 150 175 150
167 152 178 152
167 153 178 153
167 161 177 161
167 162 177 162
167 167 177 167
167 175 178 175
167 185 177 185
167 196 178 196
167 203 178 203
167 207 177 207
167 240 176 240
167 241 177 241
167 245 178 245
168 5 172 6
168 15 178 15
168 26 178 26
168 31 173 32
168 63 178 63
168 73 177 73
168 101 178 101
168 103 177 103
168 129 172 130
168 133 179 133
168 159 179 159
168 187 177 187
168 208 172 209
169 2 180 2
169 9 179 9
169 10 179 10
169 22 174 23
169 24 178 24
169 25 178 25
169 30 178 30
169 52 180 52
169 58 177 58
169 60 178 60
169 70 178 70
169 71 179 71
169 72 179 72
169 84 180 84
169 86 179 86
169 99 180 99
169 118 178 118
169 119 174 120
169 127 180 127
169 131 179 131
169 155 179 155
169 158 180 158
169 179 179 179
169 181 172 183
169 189 179 189
169 202 179 202
169 204 178 204
169 210 174 211
169 231 178 231
169 243 179 243
169 247 180 247
170 13 175 14
170 28 181 28
170 37 174 38
170 48 175 49
170 53 181 53
170 57 181 57
170 64 179 64
170 67 175 68
170 91 177 91
170 102 180 102
170 107 179 107
170 124 181 124
170 134 181 134
170 168 179 168
170 169 172 172
170 223 179 223
170 226 180 226
170 227 180 227
170 232 180 232
170 238 180 238
171 7 181 7
171 20 182 20
171 21 181 21
171 47 181 47
171 76 180 76
171 77 181 77
171 109 176 110
171 112 182 112
171 115 181 115
171 122 182 122
171 137 182 137
171 143 182 143
171 145 180 145
171 146 178 146
171 173 175 174
171 184 181 184
171 186 180 186
171 215 182 215
172 16 177 17
172 35 180 35
172 42 182 42
172 45 182 45
172 74 177 75
172 83 182 83
172 93 183 93
172 97 182 97
172 117 182 117
172 123 183 123
172 154 183 154
172 166 182 166
172 176 182 176
172 191 182 191
172 192 177 193
172 205 182 205
172 214 182 214
172 216 182 216
172 220 181 220
172 230 182 230
173 0 184 0
173 5 177 6
173 11 183 11
173 12 183 12
173 18 183 18
173 33 178 34
173 36 184 36
173 40 183 40
173 46 184 46
173 51 183 51
173 54 183 54
173 82 183 82
173 89 182 89
173 92 183 92
173 105 184 105
173 126 183 126
173 129 184 129
173 130 183 130
173 149 184 149
173 170 178 171
173 172 183 172
173 181 182 181
173 182 178 183
173 190 184 190
173 195 183 195
173 200 181 200
173 208 178 209
173 221 183 221
173 234 183 234
173 236 184 236
174 31 184 31
174 32 184 32
174 56 184 56
174 65 185 65
174 81 184 81
174 85 185 85
174 90 183 90
174 108 185 108
174 111 184 111
174 113 184 113
174 114 184 114
174 125 183 125
174 135 185 135
174 147 184 147
174 160 185 160
174 164 182 164
174 222 184 222
174 228 182 228
174 229 185 229
174 237 185 237
174 239 184 239
174 248 184 248
174 249 183 249
175 8 185 8
175 19 185 19
175 23 186 23
175 37 179 38
175 43 179 44
175 59 185 59
175 78 185 78
175 94 186 94
175 95 185 95
175 96 185 96
175 98 185 98
175 116 185 116
175 119 180 120
175 121 184 121
175 138 186 138
175 141 185 141
175 151 185 151
175 157 185 157
175 169 186 169
175 177 186 177
175 194 183 194
175 210 186 210
175 211 186 211
175 213 184 213
175 218 185 218
176 3 181 4
176 13 181 14
176 48 187 48
176 50 186 50
176 67 180 68
176 80 186 80
176 100 184 100
176 139 181 140
176 142 186 142
176 148 186 148
176 150 186 150
176 156 185 156
176 165 185 165
176 173 186 173
176 174 184 174
176 178 186 178
176 180 184 180
176 188 187 188
176 206 186 206
176 235 186 235
177 49 188 49
177 55 187 55
177 62 187 62
177 79 187 79
177 87 188 87
177 104 187 104
177 110 185 110
177 128 187 128
177 136 187 136
177 163 186 163
177 197 180 199
177 201 186 201
177 219 187 219
177 224 187 224
177 233 188 233
177 240 187 240
178 1 189 1
178 5 187 5
178 6 185 6
178 16 183 17
178 27 188 27
178 29 189 29
178 39 186 39
178 41 188 41
178 58 187 58
178 61 188 61
178 69 189 69
178 73 188 73
178 74 187 74
178 75 187 75
178 91 186 91
178 103 187 103
178 109 189 109
178 161 183 162
178 167 188 167
178 185 187 185
178 187 188 187
178 192 183 193
178 207 189 207
178 212 188 212
178 217 185 217
178 241 182 242
178 246 187 246
179 15 190 15
179 22 190 22
179 24 184 25
179 26 188 26
179 30 187 30
179 33 189 33
179 34 188 34
179 63 189 63
179 66 186 66
179 101 189 101
179 106 188 106
179 118 189 118
179 144 190 144
179 146 188 146
179 152 187 152
179 153 190 153
179 170 184 171
179 182 188 182
179 183 189 183
179 196 187 196
179 203 189 203
179 204 188 204
179 208 189 208
179 209 190 209
179 231 186 231
179 244 184 245
180 9 191 9
180 10 190 10
180 37 191 37
180 38 187 38
180 43 189 43
180 64 190 64
180 70 184 71
180 72 191 72
180 86 191 86
180 131 185 132
180 155 191 155
180 159 190 159
180 168 191 168
180 179 187 179
180 189 191 189
180 202 189 202
180 223 190 223
180 243 190 243
181 35 192 35
181 44 192 44
181 67 186 68
181 76 191 76
181 84 191 84
181 99 190 99
181 102 190 102
181 119 188 119
181 120 191 120
181 127 192 127
181 145 191 145
181 186 190 186
181 197 191 197
181 198 192 198
181 199 191 199
181 227 192 227
181 232 189 232
181 238 191 238
181 247 190 247
182 2 186 3
182 4 191 4
182 7 192 7
182 13 192 13
182 14 191 14
182 21 193 21
182 52 186 53
182 57 193 57
182 77 192 77
182 88 193 88
182 107 193 107
182 115 191 115
182 124 191 124
182 133 187 134
182 139 187 140
182 158 193 158
182 175 193 175
182 184 192 184
182 200 192 200
182 220 193 220
183 20 191 20
183 28 194 28
183 42 193 42
183 45 193 45
183 60 194 60
183 83 192 83
183 89 194 89
183 97 192 97
183 112 194 112
183 117 191 117
183 122 193 122
183 137 192 137
183 143 192 143
183 164 193 164
183 176 194 176
183 181 192 181
183 205 193 205
183 214 188 215
183 216 191 216
183 230 194 230
183 241 187 242
184 11 194 11
184 12 195 12
184 16 189 17
184 40 194 40
184 51 194 51
184 54 195 54
184 82 194 82
184 90 194 90
184 92 195 92
184 93 194 93
184 123 195 123
184 125 188 126
184 130 194 130
184 154 193 154
184 161 194 161
184 162 192 162
184 191 187 193
184 194 188 195
184 221 194 221
184 234 193 234
184 249 194 249
185 0 195 0
185 25 195 25
185 31 195 31
185 32 193 32
185 46 194 46
185 47 196 47
185 56 195 56
185 70 190 71
185 81 194 81
185 100 196 100
185 105 196 105
185 113 195 113
185 121 195 121
185 129 195 129
185 147 194 147
185 149 196 149
185 170 195 170
185 171 196 171
185 172 196 172
185 174 196 174
185 180 194 180
185 190 196 190
185 213 195 213
185 225 196 225
185 226 196 226
185 236 195 236
185 239 193 239
185 244 195 244
185 248 193 248
186 6 196 6
186 19 196 19
186 59 196 59
186 78 196 78
186 85 195 85
186 95 196 95
186 96 196 96
186 108 195 108
186 110 197 110
186 116 197 116
186 131 196 131
186 132 196 132
186 135 197 135
186 151 197 151
186 156 194 156
186 157 197 157
186 165 197 165
186 217 191 218
186 228 190 229
186 237 197 237
186 245 197 245
187 3 198 3
187 23 191 24
187 39 197 39
187 50 196 50
187 52 196 52
187 53 196 53
187 65 189 67
187 80 197 80
187 91 197 91
187 94 196 94
187 114 198 114
187 138 197 138
187 141 192 142
187 148 197 148
187 150 196 150
187 163 197 163
187 169 197 169
187 177 192 178
187 201 197 201
187 206 197 206
187 210 196 210
187 231 197 231
187 235 198 235
188 2 199 2
188 30 198 30
188 48 199 48
188 55 196 55
188 58 199 58
188 62 197 62
188 75 198 75
188 79 198 79
188 103 199 103
188 128 198 128
188 133 198 133
188 134 198 134
188 139 198 139
188 140 198 140
188 152 198 152
188 173 199 173
188 179 195 179
188 185 198 185
188 188 198 188
188 191 191 193
188 196 196 196
188 219 198 219
188 224 198 224
188 240 193 241
188 242 199 242
188 246 196 246
189 26 199 26
189 34 196 34
189 49 198 49
189 61 199 61
189 73 194 74
189 87 198 87
189 119 198 119
189 125 199 125
189 126 199 126
189 146 199 146
189 182 198 182
189 187 198 187
189 194 194 195
189 204 198 204
189 211 194 212
189 214 199 214
189 215 198 215
189 233 198 233
190 16 194 17
190 29 198 29
190 33 198 33
190 43 198 43
190 63 198 63
190 65 193 67
190 68 194 69
190 101 198 101
190 109 199 109
190 118 198 118
190 183 198 183
190 202 198 202
190 203 199 203
190 207 199 207
190 208 199 208
190 232 199 232
191 10 198 10
191 22 199 22
191 64 199 64
191 70 195 71
191 102 198 102
191 144 199 144
191 186 198 186
191 209 198 209
191 222 194 223
191 228 195 229
192 4 196 5
192 8 196 9
192 20 199 20
192 23 196 24
192 36 196 37
192 72 199 72
192 120 199 120
192 145 199 145
192 167 196 168
192 191 194 193
192 216 195 218
193 13 197 14
193 76 197 77
193 141 196 143
193 177 197 178
193 197 197 198
193 199 197 200
194 41 199 42
194 65 197 67
194 106 199 107
194 136 199 137
194 153 197 155
194 158 198 159
194 238 196 241
194 247 199 248
195 27 198 28
195 44 197 46
195 68 199 69
195 88 198 90
195 160 199 161
195 175 198 176
195 180 198 181
195 191 196 195
195 220 197 222
196 81 197 85
196 111 198 113
196 121 199 123
196 211 198 213
196 216 198 218
196 227 197 230
197 4 198 8
197 34 199 36
197 50 198 54
197 92 197 100
197 129 199 131
197 141 199 143
197 192 199 195
197 238 199 241
198 11 199 15
198 37 199 40
198 81 199 86
198 153 199 157
198 162 199 166
198 196 199 200
198 225 199 229
199 87 199 97
199 174 199 184
199 215 199 223
