4491
0 0 2 3
0 4 0 14
0 15 4 16
0 17 0 27
0 28 11 28
0 29 11 29
0 30 11 30
0 31 11 31
0 32 3 34
0 35 0 46
0 47 0 56
0 57 11 57
0 58 10 58
0 59 5 60
0 61 11 61
0 62 0 71
0 72 0 82
0 83 11 83
0 84 0 95
0 96 11 96
0 97 2 100
0 101 0 111
0 112 1 117
0 118 11 118
0 119 0 128
0 129 0 137
0 138 0 146
0 147 0 156
0 157 0 166
0 167 2 170
0 171 0 181
0 182 0 193
0 194 11 194
0 195 0 206
0 207 11 207
0 208 11 208
0 209 1 214
0 215 11 215
0 216 11 216
0 217 1 222
0 223 0 232
0 233 0 242
0 243 1 248
0 249 11 249
1 4 2 9
1 10 3 13
1 14 11 14
1 17 2 22
1 23 12 23
1 24 6 25
1 26 12 26
1 27 11 27
1 35 1 44
1 45 2 49
1 50 12 50
1 51 2 56
1 62 12 62
1 63 12 63
1 64 12 64
1 65 12 65
1 66 12 66
1 67 6 68
1 69 1 80
1 81 11 81
1 82 11 82
1 84 1 94
1 95 12 95
1 101 6 102
1 103 12 103
1 104 2 109
1 110 6 111
1 119 2 124
1 125 1 136
1 137 6 138
1 139 12 139
1 140 10 140
1 141 1 152
1 153 12 153
1 154 12 154
1 155 11 155
1 156 12 156
1 157 4 159
1 160 2 165
1 166 11 166
1 171 1 178
1 179 2 184
1 185 2 190
1 191 6 192
1 193 11 193
1 195 12 195
1 196 10 196
1 197 6 198
1 199 11 199
1 200 2 205
1 206 12 206
1 223 4 225
1 226 2 231
1 232 10 232
1 233 1 242
2 35 4 38
2 39 12 39
2 40 7 41
2 42 6 43
2 44 12 44
2 69 2 78
2 79 7 80
2 84 3 89
2 90 7 91
2 92 7 93
2 94 9 94
2 112 3 117
2 125 2 136
2 141 3 146
2 147 3 152
2 171 4 173
2 174 13 174
2 175 12 175
2 176 11 176
2 177 7 178
2 209 7 210
2 211 13 211
2 212 7 213
2 214 12 214
2 217 4 220
2 221 13 221
2 222 12 222
2 233 2 242
2 243 3 248
3 0 13 0
3 1 3 9
3 17 4 22
3 45 12 45
3 46 14 46
3 47 8 48
3 49 12 49
3 51 4 55
3 56 13 56
3 69 14 69
3 70 4 75
3 76 13 76
3 77 13 77
3 78 14 78
3 97 8 98
3 99 8 100
3 104 12 104
3 105 13 105
3 106 13 106
3 107 13 107
3 108 8 109
3 119 3 130
3 131 12 131
3 132 13 132
3 133 8 134
3 135 13 135
3 136 12 136
3 160 4 165
3 167 13 167
3 168 13 168
3 169 7 170
3 179 4 184
3 185 14 185
3 186 12 186
3 187 13 187
3 188 8 189
3 190 10 190
3 200 8 201
3 202 12 202
3 203 14 203
3 204 10 204
3 205 12 205
3 226 4 231
3 233 4 238
3 239 8 240
3 241 8 242
4 1 4 11
4 12 15 12
4 13 13 13
4 32 6 34
4 84 9 85
4 86 15 86
4 87 14 87
4 88 9 89
4 112 5 117
4 119 15 119
4 120 5 125
4 126 6 129
4 130 12 130
4 141 15 141
4 142 9 143
4 144 4 151
4 152 13 152
4 243 5 248
5 1 10 2
5 3 10 4
5 5 6 10
5 11 16 11
5 15 12 15
5 16 6 21
5 22 14 22
5 35 7 38
5 51 15 51
5 52 14 52
5 53 14 53
5 54 14 54
5 55 15 55
5 70 6 75
5 144 5 151
5 157 6 162
5 163 10 164
5 165 15 165
5 171 13 171
5 172 14 172
5 173 16 173
5 179 6 184
5 217 15 217
5 218 14 218
5 219 13 219
5 220 16 220
5 223 10 224
5 225 14 225
5 226 10 227
5 228 10 229
5 230 10 231
5 233 6 238
6 59 16 59
6 60 14 60
6 112 7 117
6 120 7 125
6 144 17 144
6 145 7 150
6 151 15 151
6 243 8 246
6 247 15 247
6 248 16 248
7 5 17 5
7 6 17 6
7 7 9 10
7 16 8 21
7 24 12 25
7 32 16 32
7 33 12 34
7 42 14 42
7 43 16 43
7 67 12 68
7 70 18 70
7 71 10 73
7 74 11 75
7 101 12 102
7 110 18 110
7 111 18 111
7 126 12 127
7 128 12 129
7 137 12 138
7 157 16 157
7 158 8 162
7 179 8 184
7 191 18 191
7 192 16 192
7 197 11 198
7 233 12 234
7 235 12 236
7 237 12 238
8 35 10 37
8 38 18 38
8 40 19 40
8 41 18 41
8 79 18 79
8 80 18 80
8 90 10 93
8 112 13 113
8 114 12 115
8 116 12 117
8 120 9 125
8 145 19 145
8 146 18 146
8 147 13 148
8 149 17 149
8 150 15 150
8 169 13 170
8 177 19 177
8 178 19 178
8 209 13 210
8 212 18 212
8 213 19 213
9 16 10 20
9 21 20 21
9 47 19 47
9 48 19 48
9 97 11 100
9 108 13 109
9 133 20 133
9 134 19 134
9 158 19 158
9 159 11 162
9 179 10 184
9 188 14 189
9 200 19 200
9 201 20 201
9 239 18 239
9 240 14 241
9 242 19 242
9 243 18 243
9 244 17 244
9 245 18 245
9 246 19 246
10 7 12 10
10 84 21 84
10 85 21 85
10 88 15 89
10 94 20 94
10 120 11 125
10 142 21 142
10 143 17 143
11 1 21 1
11 2 16 3
11 4 22 4
11 16 21 16
11 17 21 17
11 18 22 18
11 19 20 19
11 20 20 20
11 35 14 37
11 58 21 58
11 71 16 72
11 73 22 73
11 90 19 90
11 91 14 93
11 140 22 140
11 163 22 163
11 164 21 164
11 179 12 184
11 190 20 190
11 196 20 196
11 204 21 204
11 223 16 224
11 226 12 230
11 231 22 231
11 232 22 232
12 14 23 14
12 27 17 28
12 29 23 29
12 30 22 30
12 31 23 31
12 57 20 57
12 61 20 61
12 74 17 75
12 81 21 81
12 82 23 82
12 83 23 83
12 96 17 97
12 98 21 98
12 99 17 100
12 118 23 118
12 120 13 125
12 155 22 155
12 159 23 159
12 160 22 160
12 161 23 161
12 162 23 162
12 166 23 166
12 176 23 176
12 193 21 193
12 194 22 194
12 197 17 198
12 199 19 199
12 207 17 208
12 215 23 215
12 216 21 216
12 249 21 249
13 7 15 10
13 15 22 15
13 23 21 23
13 24 22 24
13 25 17 26
13 33 23 33
13 34 23 34
13 39 24 39
13 44 20 44
13 45 24 45
13 49 23 49
13 50 24 50
13 62 14 67
13 68 23 68
13 95 24 95
13 101 22 101
13 102 22 102
13 103 24 103
13 104 23 104
13 114 24 114
13 115 18 116
13 117 24 117
13 126 23 126
13 127 15 130
13 131 24 131
13 136 24 136
13 137 16 139
13 153 24 153
13 154 24 154
13 156 24 156
13 175 23 175
13 179 14 184
13 186 22 186
13 195 24 195
13 202 24 202
13 205 18 206
13 214 24 214
13 222 23 222
13 226 24 226
13 227 18 228
13 229 24 229
13 230 22 230
13 233 14 238
14 0 25 0
14 13 24 13
14 56 24 56
14 76 19 77
14 105 24 105
14 106 23 106
14 107 24 107
14 108 24 108
14 109 24 109
14 112 24 112
14 113 21 113
14 120 15 125
14 132 24 132
14 135 23 135
14 147 19 148
14 152 24 152
14 167 16 170
14 171 24 171
14 174 25 174
14 187 24 187
14 209 25 209
14 210 19 211
14 219 25 219
14 221 23 221
15 22 26 22
15 35 20 36
15 37 26 37
15 42 25 42
15 46 25 46
15 52 20 53
15 54 25 54
15 60 25 60
15 62 16 67
15 69 26 69
15 78 26 78
15 87 26 87
15 91 20 92
15 93 25 93
15 172 26 172
15 179 20 180
15 181 17 184
15 185 26 185
15 188 24 188
15 189 25 189
15 203 22 203
15 218 24 218
15 225 24 225
15 233 20 234
15 235 20 236
15 237 19 238
15 240 25 240
15 241 25 241
16 7 18 10
16 12 26 12
16 51 27 51
16 55 25 55
16 86 27 86
16 88 23 88
16 89 24 89
16 119 25 119
16 120 21 121
16 122 21 123
16 124 27 124
16 125 25 125
16 127 26 127
16 128 26 128
16 129 27 129
16 130 27 130
16 141 26 141
16 150 26 150
16 151 24 151
16 165 27 165
16 217 26 217
16 247 26 247
17 2 27 2
17 3 25 3
17 11 26 11
17 32 28 32
17 43 26 43
17 59 27 59
17 62 18 67
17 71 26 71
17 72 28 72
17 137 22 138
17 139 27 139
17 157 27 157
17 167 28 167
17 168 27 168
17 169 22 170
17 173 26 173
17 192 26 192
17 220 27 220
17 223 22 224
17 248 27 248
18 5 23 6
18 25 28 25
18 26 28 26
18 27 23 28
18 74 26 74
18 75 29 75
18 96 28 96
18 97 28 97
18 99 29 99
18 100 27 100
18 143 23 144
18 149 29 149
18 181 29 181
18 182 21 184
18 197 29 197
18 198 29 198
18 207 23 208
18 244 28 244
19 7 21 10
19 38 29 38
19 41 28 41
19 62 27 62
19 63 24 64
19 65 22 67
19 70 30 70
19 79 30 79
19 80 30 80
19 110 24 111
19 115 30 115
19 116 30 116
19 146 28 146
19 191 29 191
19 205 28 205
19 206 29 206
19 212 28 212
19 227 24 228
19 239 30 239
19 243 29 243
19 245 29 245
20 40 30 40
20 47 30 47
20 48 30 48
20 76 29 76
20 77 28 77
20 90 31 90
20 134 31 134
20 145 30 145
20 147 29 147
20 148 30 148
20 158 31 158
20 177 31 177
20 178 30 178
20 199 25 200
20 210 29 210
20 211 30 211
20 213 28 213
20 237 30 237
20 238 29 238
20 242 31 242
20 246 31 246
21 19 32 19
21 20 30 20
21 21 32 21
21 35 26 36
21 44 32 44
21 52 31 52
21 53 31 53
21 57 32 57
21 61 32 61
21 91 26 92
21 94 30 94
21 133 31 133
21 179 30 179
21 180 31 180
21 190 32 190
21 196 31 196
21 201 28 201
21 233 26 234
21 235 31 235
21 236 32 236
22 1 33 1
22 7 30 7
22 8 33 8
22 9 32 9
22 10 30 10
22 16 31 16
22 17 29 17
22 23 32 23
22 58 31 58
22 81 33 81
22 84 33 84
22 85 31 85
22 98 30 98
22 113 33 113
22 120 30 120
22 121 25 123
22 142 32 142
22 164 33 164
22 182 32 182
22 183 27 184
22 193 32 193
22 204 33 204
22 216 32 216
22 249 33 249
23 4 34 4
23 15 32 15
23 18 32 18
23 24 34 24
23 30 32 30
23 65 33 65
23 66 32 66
23 67 34 67
23 73 34 73
23 101 28 102
23 137 31 137
23 138 33 138
23 140 34 140
23 155 32 155
23 160 34 160
23 163 33 163
23 169 28 170
23 186 34 186
23 194 34 194
23 203 32 203
23 223 28 224
23 230 28 231
23 232 34 232
24 5 35 5
24 6 35 6
24 14 34 14
24 27 29 28
24 29 35 29
24 31 33 31
24 33 35 33
24 34 35 34
24 49 33 49
24 68 34 68
24 82 34 82
24 83 35 83
24 88 33 88
24 104 31 104
24 106 35 106
24 118 34 118
24 126 35 126
24 135 34 135
24 143 29 144
24 159 33 159
24 161 29 162
24 166 34 166
24 175 35 175
24 176 34 176
24 207 35 207
24 208 35 208
24 215 35 215
24 221 33 221
24 222 35 222
25 13 35 13
25 39 33 39
25 45 36 45
25 50 36 50
25 56 35 56
25 63 36 63
25 64 35 64
25 89 34 89
25 95 34 95
25 103 36 103
25 105 36 105
25 107 34 107
25 108 29 109
25 110 36 110
25 111 35 111
25 112 34 112
25 114 36 114
25 117 35 117
25 131 36 131
25 132 36 132
25 136 34 136
25 151 36 151
25 152 35 152
25 153 30 154
25 156 36 156
25 171 36 171
25 187 30 188
25 195 35 195
25 202 34 202
25 214 36 214
25 218 35 218
25 225 36 225
25 226 30 227
25 228 34 228
25 229 34 229
26 0 35 0
26 3 37 3
26 42 36 42
26 46 37 46
26 54 36 54
26 55 36 55
26 60 36 60
26 93 35 93
26 119 37 119
26 121 36 121
26 122 31 123
26 125 36 125
26 174 36 174
26 189 35 189
26 199 37 199
26 200 36 200
26 209 37 209
26 219 37 219
26 240 37 240
26 241 35 241
27 11 32 12
27 22 38 22
27 35 32 36
27 37 37 37
27 43 37 43
27 69 34 69
27 71 37 71
27 74 38 74
27 78 35 78
27 87 38 87
27 91 36 91
27 92 36 92
27 127 32 128
27 141 35 141
27 150 37 150
27 172 32 173
27 185 35 185
27 192 37 192
27 217 38 217
27 233 36 233
27 234 36 234
27 247 38 247
28 2 37 2
28 51 39 51
28 59 36 59
28 62 39 62
28 86 39 86
28 100 37 100
28 124 38 124
28 129 39 129
28 130 39 130
28 139 39 139
28 157 37 157
28 165 37 165
28 168 38 168
28 183 35 183
28 184 38 184
28 220 36 220
28 248 39 248
29 25 39 25
29 26 39 26
29 32 39 32
29 41 38 41
29 72 38 72
29 77 39 77
29 96 40 96
29 97 39 97
29 101 37 101
29 102 38 102
29 146 37 146
29 167 38 167
29 169 33 170
29 201 40 201
29 205 39 205
29 212 40 212
29 213 40 213
29 223 34 224
29 230 39 230
29 231 37 231
29 244 39 244
30 17 41 17
30 27 40 27
30 28 40 28
30 38 39 38
30 75 35 76
30 99 41 99
30 108 39 108
30 109 38 109
30 143 40 143
30 144 40 144
30 147 41 147
30 149 41 149
30 161 41 161
30 162 41 162
30 181 41 181
30 191 41 191
30 197 39 197
30 198 40 198
30 206 41 206
30 210 39 210
30 238 41 238
30 243 41 243
30 245 41 245
31 7 39 7
31 10 41 10
31 20 41 20
31 40 42 40
31 47 40 47
31 48 41 48
31 70 42 70
31 79 42 79
31 80 41 80
31 94 41 94
31 98 41 98
31 115 42 115
31 116 41 116
31 120 41 120
31 145 41 145
31 148 42 148
31 153 36 154
31 178 40 178
31 179 41 179
31 187 42 187
31 188 41 188
31 211 41 211
31 226 36 227
31 237 39 237
31 239 41 239
32 16 42 16
32 52 43 52
32 53 43 53
32 58 42 58
32 85 42 85
32 90 43 90
32 104 43 104
32 122 37 123
32 133 43 133
32 134 42 134
32 137 43 137
32 158 41 158
32 177 43 177
32 180 41 180
32 196 42 196
32 235 43 235
32 242 41 242
32 246 42 246
33 9 42 9
33 11 42 11
33 12 42 12
33 15 44 15
33 18 41 18
33 19 44 19
33 21 44 21
33 23 44 23
33 30 41 30
33 35 42 35
33 36 43 36
33 44 42 44
33 57 44 57
33 61 43 61
33 66 42 66
33 127 44 127
33 128 43 128
33 142 44 142
33 155 44 155
33 172 43 172
33 173 40 173
33 182 44 182
33 190 44 190
33 193 43 193
33 203 44 203
33 216 44 216
33 236 42 236
34 1 44 1
34 8 44 8
34 31 44 31
34 39 45 39
34 49 42 49
34 65 41 65
34 81 45 81
34 84 45 84
34 88 44 88
34 113 45 113
34 138 45 138
34 159 45 159
34 163 43 163
34 164 44 164
34 169 43 169
34 170 44 170
34 204 45 204
34 221 44 221
34 249 44 249
35 4 46 4
35 14 45 14
35 24 44 24
35 67 40 68
35 69 44 69
35 73 46 73
35 82 46 82
35 89 46 89
35 95 46 95
35 107 45 107
35 112 45 112
35 118 46 118
35 135 40 136
35 140 46 140
35 160 46 160
35 166 44 166
35 176 44 176
35 186 45 186
35 194 45 194
35 202 45 202
35 223 45 223
35 224 45 224
35 228 45 228
35 229 46 229
35 232 46 232
36 0 47 0
36 5 46 5
36 6 46 6
36 13 45 13
36 29 46 29
36 33 41 34
36 56 47 56
36 64 46 64
36 75 46 75
36 76 46 76
36 78 44 78
36 83 47 83
36 93 46 93
36 106 46 106
36 111 45 111
36 117 47 117
36 126 45 126
36 141 47 141
36 152 46 152
36 175 47 175
36 183 47 183
36 185 47 185
36 189 47 189
36 195 47 195
36 207 41 208
36 215 46 215
36 218 47 218
36 222 47 222
36 241 46 241
37 42 47 42
37 45 48 45
37 50 48 50
37 54 46 54
37 55 46 55
37 59 47 59
37 60 47 60
37 63 45 63
37 91 42 92
37 103 45 103
37 105 45 105
37 110 47 110
37 114 47 114
37 121 48 121
37 125 46 125
37 131 46 131
37 132 48 132
37 151 46 151
37 153 42 154
37 156 48 156
37 171 48 171
37 174 48 174
37 200 46 200
37 214 45 214
37 220 45 220
37 225 48 225
37 226 41 227
37 233 42 234
38 2 43 3
38 37 48 37
38 43 48 43
38 46 47 46
38 71 48 71
38 100 49 100
38 101 47 101
38 119 47 119
38 122 49 122
38 123 48 123
38 146 48 146
38 150 49 150
38 157 46 157
38 165 48 165
38 192 48 192
38 199 49 199
38 209 49 209
38 219 48 219
38 231 46 231
38 240 49 240
39 22 49 22
39 41 48 41
39 72 48 72
39 74 48 74
39 87 48 87
39 102 50 102
39 109 49 109
39 124 49 124
39 167 49 167
39 168 49 168
39 184 49 184
39 217 50 217
39 247 50 247
40 7 51 7
40 25 48 25
40 26 51 26
40 32 49 32
40 38 50 38
40 51 50 51
40 62 49 62
40 77 49 77
40 86 48 86
40 97 51 97
40 108 50 108
40 129 45 130
40 139 48 139
40 197 49 197
40 205 48 205
40 210 51 210
40 230 51 230
40 237 51 237
40 244 51 244
40 248 49 248
41 27 52 27
41 28 52 28
41 47 51 47
41 67 52 67
41 68 52 68
41 96 51 96
41 135 51 135
41 136 52 136
41 143 52 143
41 144 51 144
41 173 51 173
41 178 51 178
41 198 52 198
41 201 51 201
41 212 51 212
41 213 52 213
42 10 53 10
42 17 47 18
42 20 52 20
42 30 51 30
42 33 47 34
42 48 51 48
42 65 52 65
42 80 52 80
42 94 52 94
42 98 47 99
42 116 50 116
42 120 52 120
42 145 53 145
42 147 53 147
42 149 53 149
42 158 51 158
42 161 52 161
42 162 52 162
42 179 47 180
42 181 52 181
42 188 52 188
42 191 52 191
42 206 52 206
42 207 47 208
42 211 52 211
42 226 47 227
42 238 51 238
42 239 53 239
42 242 52 242
42 243 53 243
42 245 51 245
43 9 52 9
43 11 53 11
43 12 53 12
43 16 52 16
43 35 52 35
43 40 53 40
43 44 52 44
43 49 54 49
43 58 52 58
43 66 53 66
43 70 52 70
43 79 53 79
43 85 53 85
43 91 53 91
43 92 51 92
43 115 52 115
43 134 54 134
43 148 53 148
43 153 54 153
43 154 53 154
43 187 52 187
43 196 53 196
43 233 52 233
43 234 54 234
43 236 54 236
43 246 54 246
44 2 49 3
44 36 53 36
44 52 53 52
44 53 55 53
44 61 52 61
44 90 53 90
44 104 54 104
44 128 53 128
44 133 54 133
44 137 54 137
44 163 54 163
44 169 54 169
44 172 53 172
44 177 54 177
44 193 52 193
44 235 54 235
45 1 53 1
45 8 55 8
45 15 54 15
45 19 56 19
45 21 56 21
45 23 56 23
45 24 56 24
45 31 55 31
45 57 54 57
45 69 55 69
45 78 55 78
45 88 54 88
45 127 54 127
45 142 55 142
45 155 55 155
45 164 55 164
45 166 55 166
45 170 56 170
45 176 55 176
45 182 55 182
45 190 56 190
45 203 56 203
45 216 55 216
45 221 54 221
45 249 56 249
46 13 56 13
46 14 56 14
46 39 56 39
46 63 57 63
46 81 57 81
46 84 55 84
46 103 56 103
46 105 56 105
46 107 57 107
46 111 56 111
46 112 56 112
46 113 56 113
46 126 57 126
46 129 57 129
46 130 57 130
46 138 55 138
46 159 56 159
46 186 56 186
46 194 57 194
46 202 57 202
46 204 57 204
46 214 56 214
46 220 56 220
46 223 55 223
46 224 56 224
46 228 57 228
47 4 55 4
47 5 56 5
47 6 55 6
47 29 57 29
47 54 58 54
47 55 57 55
47 64 57 64
47 73 57 73
47 75 56 75
47 76 57 76
47 82 58 82
47 89 57 89
47 93 58 93
47 95 56 95
47 106 57 106
47 118 56 118
47 125 55 125
47 131 57 131
47 140 56 140
47 151 56 151
47 152 58 152
47 157 56 157
47 160 57 160
47 200 57 200
47 215 55 215
47 229 56 229
47 231 52 232
47 241 55 241
48 0 58 0
48 17 59 17
48 18 59 18
48 33 59 33
48 34 58 34
48 42 59 42
48 46 58 46
48 56 58 56
48 59 58 59
48 60 58 60
48 83 59 83
48 98 55 98
48 99 57 99
48 101 59 101
48 110 58 110
48 114 59 114
48 117 58 117
48 119 59 119
48 141 59 141
48 175 59 175
48 179 57 179
48 180 59 180
48 183 59 183
48 185 58 185
48 189 59 189
48 195 58 195
48 207 53 208
48 218 59 218
48 222 58 222
48 226 53 227
49 25 59 25
49 37 60 37
49 41 59 41
49 43 59 43
49 45 60 45
49 50 59 50
49 71 58 71
49 72 57 72
49 74 58 74
49 86 54 87
49 121 60 121
49 123 60 123
49 132 60 132
49 139 60 139
49 146 60 146
49 156 60 156
49 165 58 165
49 171 59 171
49 174 58 174
49 192 59 192
49 205 59 205
49 219 60 219
49 225 59 225
50 2 55 3
50 22 61 22
50 32 60 32
50 62 61 62
50 77 61 77
50 100 58 100
50 109 60 109
50 122 60 122
50 124 57 124
50 150 61 150
50 167 55 168
50 184 59 184
50 197 61 197
50 199 61 199
50 209 61 209
50 240 61 240
50 248 59 248
51 38 61 38
51 51 60 51
51 102 61 102
51 108 61 108
51 116 61 116
51 217 61 217
51 247 60 247
52 7 63 7
52 26 63 26
52 30 62 30
52 47 57 48
52 92 63 92
52 96 61 96
52 97 62 97
52 135 62 135
52 144 61 144
52 158 62 158
52 173 62 173
52 178 60 178
52 201 61 201
52 210 62 210
52 212 61 212
52 230 62 230
52 237 63 237
52 238 62 238
52 244 62 244
52 245 63 245
53 9 63 9
53 16 61 16
53 20 62 20
53 27 64 27
53 28 64 28
53 35 64 35
53 44 63 44
53 58 62 58
53 61 63 61
53 65 63 65
53 67 63 67
53 68 62 68
53 70 64 70
53 80 63 80
53 94 62 94
53 115 63 115
53 120 63 120
53 136 60 136
53 143 64 143
53 161 63 161
53 162 63 162
53 181 63 181
53 187 58 188
53 191 63 191
53 193 64 193
53 198 63 198
53 206 63 206
53 211 63 211
53 213 63 213
53 231 58 232
53 233 62 233
53 242 63 242
54 1 65 1
54 10 59 11
54 12 63 12
54 36 63 36
54 40 63 40
54 52 63 52
54 66 63 66
54 79 65 79
54 85 63 85
54 90 63 90
54 91 64 91
54 128 65 128
54 145 64 145
54 147 64 147
54 148 65 148
54 149 63 149
54 154 64 154
54 172 64 172
54 196 64 196
54 207 59 208
54 226 64 226
54 227 64 227
54 239 62 239
54 243 65 243
55 15 65 15
55 49 66 49
55 57 66 57
55 86 65 86
55 87 60 88
55 104 64 104
55 127 65 127
55 133 60 134
55 137 65 137
55 153 66 153
55 163 65 163
55 169 66 169
55 177 65 177
55 221 65 221
55 234 58 236
55 246 66 246
56 2 61 3
56 4 67 4
56 6 67 6
56 8 64 8
56 31 64 31
56 53 67 53
56 69 66 69
56 78 66 78
56 84 67 84
56 98 65 98
56 125 66 125
56 138 67 138
56 142 67 142
56 155 65 155
56 164 66 164
56 166 59 168
56 176 65 176
56 182 65 182
56 215 66 215
56 216 67 216
56 223 66 223
56 241 65 241
57 5 67 5
57 13 62 14
57 19 66 19
57 21 68 21
57 23 67 23
57 24 68 24
57 39 67 39
57 75 67 75
57 95 65 95
57 103 68 103
57 105 65 105
57 111 62 112
57 113 67 113
57 118 67 118
57 140 68 140
57 151 67 151
57 157 66 157
57 159 67 159
57 170 68 170
57 186 65 186
57 190 68 190
57 203 67 203
57 214 67 214
57 220 67 220
57 224 67 224
57 229 68 229
57 249 68 249
58 29 68 29
58 47 68 47
58 48 69 48
58 55 67 55
58 63 69 63
58 64 68 64
58 72 63 73
58 76 68 76
58 81 68 81
58 89 67 89
58 99 68 99
58 106 63 107
58 124 69 124
58 126 68 126
58 129 63 130
58 131 67 131
58 160 68 160
58 179 68 179
58 194 67 194
58 200 68 200
58 202 67 202
58 204 67 204
58 228 69 228
59 0 67 0
59 34 70 34
59 46 68 46
59 54 70 54
59 56 67 56
59 59 64 60
59 71 68 71
59 74 68 74
59 82 69 82
59 93 69 93
59 100 70 100
59 110 70 110
59 117 70 117
59 152 69 152
59 165 69 165
59 174 70 174
59 185 70 185
59 187 70 187
59 188 68 188
59 195 69 195
59 222 70 222
59 231 63 232
59 234 64 235
59 236 70 236
60 10 65 11
60 17 69 17
60 18 70 18
60 25 71 25
60 33 70 33
60 41 70 41
60 42 70 42
60 43 71 43
60 50 71 50
60 83 69 83
60 101 69 101
60 114 68 114
60 119 68 119
60 141 70 141
60 166 65 167
60 168 71 168
60 171 69 171
60 175 70 175
60 180 70 180
60 183 69 183
60 184 69 184
60 189 70 189
60 192 71 192
60 205 70 205
60 207 70 207
60 208 70 208
60 218 71 218
60 225 67 225
60 248 70 248
61 32 71 32
61 37 70 37
61 45 72 45
61 51 72 51
61 87 70 87
61 88 72 88
61 109 71 109
61 121 72 121
61 122 72 122
61 123 71 123
61 132 72 132
61 133 66 134
61 136 70 136
61 139 69 139
61 146 71 146
61 156 71 156
61 178 69 178
61 219 71 219
61 247 71 247
62 2 67 3
62 16 73 16
62 22 73 22
62 38 73 38
62 62 72 62
62 77 73 77
62 96 73 96
62 102 71 102
62 108 73 108
62 116 73 116
62 144 71 144
62 150 73 150
62 197 73 197
62 199 70 199
62 201 72 201
62 209 73 209
62 212 72 212
62 217 69 217
62 240 71 240
63 13 72 13
63 14 74 14
63 20 72 20
63 30 73 30
63 58 74 58
63 68 73 68
63 94 73 94
63 97 73 97
63 111 73 111
63 112 74 112
63 135 74 135
63 158 72 158
63 173 73 173
63 210 73 210
63 230 73 230
63 233 74 233
63 238 68 239
63 244 72 244
64 7 72 7
64 9 74 9
64 12 73 12
64 26 75 26
64 36 73 36
64 40 75 40
64 44 74 44
64 52 75 52
64 61 75 61
64 65 75 65
64 66 74 66
64 67 75 67
64 72 74 72
64 73 74 73
64 80 71 80
64 85 75 85
64 90 74 90
64 92 74 92
64 106 74 106
64 107 74 107
64 115 75 115
64 120 75 120
64 129 73 129
64 130 74 130
64 149 74 149
64 161 72 161
64 162 75 162
64 181 74 181
64 191 74 191
64 198 75 198
64 206 74 206
64 211 74 211
64 213 75 213
64 231 75 231
64 232 75 232
64 237 75 237
64 242 74 242
64 245 72 245
65 8 74 8
65 27 76 27
65 28 76 28
65 31 74 31
65 35 75 35
65 59 70 60
65 70 75 70
65 91 75 91
65 104 76 104
65 143 72 143
65 145 75 145
65 147 75 147
65 154 76 154
65 172 75 172
65 193 75 193
65 196 73 196
65 226 74 226
65 227 74 227
65 234 70 235
66 1 77 1
66 10 71 11
66 15 76 15
66 79 74 79
66 86 75 86
66 95 75 95
66 98 77 98
66 105 77 105
66 127 76 127
66 128 76 128
66 137 77 137
66 148 76 148
66 155 77 155
66 163 75 163
66 166 76 166
66 167 76 167
66 176 76 176
66 177 75 177
66 182 77 182
66 186 76 186
66 221 77 221
66 241 77 241
66 243 76 243
67 19 77 19
67 49 78 49
67 57 77 57
67 69 77 69
67 78 77 78
67 125 78 125
67 133 72 134
67 153 77 153
67 157 77 157
67 164 78 164
67 169 78 169
67 215 77 215
67 223 78 223
67 246 78 246
68 0 78 0
68 2 79 2
68 3 73 4
68 5 78 5
68 6 78 6
68 23 79 23
68 39 78 39
68 53 78 53
68 55 79 55
68 56 78 56
68 75 79 75
68 84 76 84
68 89 78 89
68 113 79 113
68 118 78 118
68 131 79 131
68 138 77 138
68 142 78 142
68 151 78 151
68 159 79 159
68 194 79 194
68 202 77 202
68 203 78 203
68 204 75 204
68 214 78 214
68 216 78 216
68 220 79 220
68 224 73 225
69 21 80 21
69 24 79 24
69 29 80 29
69 46 80 46
69 47 78 47
69 64 79 64
69 71 79 71
69 74 80 74
69 76 80 76
69 81 80 81
69 99 80 99
69 103 80 103
69 114 80 114
69 119 80 119
69 126 80 126
69 140 79 140
69 160 80 160
69 170 79 170
69 179 78 179
69 188 80 188
69 190 79 190
69 200 79 200
69 229 79 229
69 238 74 239
69 249 78 249
70 17 81 17
70 48 80 48
70 63 81 63
70 82 74 83
70 93 79 93
70 101 79 101
70 124 80 124
70 139 79 139
70 152 79 152
70 165 81 165
70 171 81 171
70 178 80 178
70 183 80 183
70 184 80 184
70 195 81 195
70 217 81 217
70 228 79 228
71 18 80 18
71 33 82 33
71 34 78 34
71 37 81 37
71 41 76 42
71 54 81 54
71 59 76 60
71 87 82 87
71 100 82 100
71 110 82 110
71 117 82 117
71 136 80 136
71 141 81 141
71 174 82 174
71 175 81 175
71 180 79 180
71 185 81 185
71 187 81 187
71 189 82 189
71 199 82 199
71 205 79 205
71 207 80 207
71 208 81 208
71 222 81 222
71 234 81 234
71 235 81 235
71 236 81 236
71 248 82 248
72 10 82 10
72 11 82 11
72 25 83 25
72 32 83 32
72 43 83 43
72 50 83 50
72 80 82 80
72 102 83 102
72 109 82 109
72 123 82 123
72 144 83 144
72 146 83 146
72 156 80 156
72 168 80 168
72 192 83 192
72 218 81 218
72 219 82 219
72 240 83 240
72 247 81 247
73 7 83 7
73 13 84 13
73 20 84 20
73 45 84 45
73 51 83 51
73 62 83 62
73 88 82 88
73 121 78 122
73 132 84 132
73 133 78 134
73 143 83 143
73 158 83 158
73 161 82 161
73 201 84 201
73 212 83 212
73 244 78 245
74 3 79 4
74 12 85 12
74 16 84 16
74 22 84 22
74 30 84 30
74 36 84 36
74 38 85 38
74 68 85 68
74 77 84 77
74 94 85 94
74 96 83 96
74 97 84 97
74 108 85 108
74 111 85 111
74 116 85 116
74 129 84 129
74 150 83 150
74 173 84 173
74 196 85 196
74 197 84 197
74 209 83 209
74 210 85 210
74 224 79 225
74 230 85 230
75 8 80 9
75 14 85 14
75 31 86 31
75 44 85 44
75 58 84 58
75 66 84 66
75 72 86 72
75 73 85 73
75 79 85 79
75 82 84 82
75 83 86 83
75 90 86 90
75 92 84 92
75 106 80 107
75 112 85 112
75 130 85 130
75 135 85 135
75 149 82 149
75 181 85 181
75 191 86 191
75 206 84 206
75 211 86 211
75 226 85 226
75 227 85 227
75 233 85 233
75 238 80 239
75 242 86 242
76 26 86 26
76 35 86 35
76 40 86 40
76 52 87 52
76 61 86 61
76 65 85 65
76 67 87 67
76 70 87 70
76 85 81 86
76 91 86 91
76 95 87 95
76 115 87 115
76 120 87 120
76 145 86 145
76 147 86 147
76 162 81 163
76 172 87 172
76 177 86 177
76 193 86 193
76 198 86 198
76 204 86 204
76 213 87 213
76 231 87 231
76 232 87 232
76 237 86 237
77 15 88 15
77 27 87 27
77 28 88 28
77 41 88 41
77 42 86 42
77 59 82 60
77 84 87 84
77 104 87 104
77 127 87 127
77 128 87 128
77 148 86 148
77 154 87 154
77 166 82 167
77 176 87 176
77 186 88 186
77 243 88 243
78 1 89 1
78 19 88 19
78 57 88 57
78 69 89 69
78 78 88 78
78 98 89 98
78 105 89 105
78 137 83 138
78 153 85 153
78 155 87 155
78 157 87 157
78 182 89 182
78 202 88 202
78 215 88 215
78 221 88 221
78 241 89 241
79 0 89 0
79 5 89 5
79 6 89 6
79 34 90 34
79 39 90 39
79 47 89 47
79 49 90 49
79 53 90 53
79 56 89 56
79 89 89 89
79 118 89 118
79 121 84 122
79 125 89 125
79 133 87 133
79 134 90 134
79 142 89 142
79 151 90 151
79 164 90 164
79 169 90 169
79 179 87 179
79 203 88 203
79 214 89 214
79 216 88 216
79 223 88 223
79 244 84 245
79 246 89 246
79 249 89 249
80 2 83 4
80 23 90 23
80 24 90 24
80 55 91 55
80 64 90 64
80 71 90 71
80 75 88 75
80 93 91 93
80 101 91 101
80 113 91 113
80 131 91 131
80 139 85 140
80 152 90 152
80 159 90 159
80 170 89 170
80 180 88 180
80 190 90 190
80 194 91 194
80 200 91 200
80 205 91 205
80 220 88 220
80 224 90 224
80 225 91 225
80 228 90 228
80 229 88 229
81 8 90 8
81 9 90 9
81 18 91 18
81 21 90 21
81 29 90 29
81 46 91 46
81 48 92 48
81 74 92 74
81 76 92 76
81 81 91 81
81 99 90 99
81 103 92 103
81 106 85 107
81 114 92 114
81 119 89 119
81 124 91 124
81 126 92 126
81 136 91 136
81 156 91 156
81 160 92 160
81 168 90 168
81 178 89 178
81 183 86 184
81 188 92 188
81 207 92 207
81 238 86 239
82 17 91 17
82 37 91 37
82 54 92 54
82 63 90 63
82 85 87 86
82 141 93 141
82 162 87 163
82 165 90 165
82 171 92 171
82 175 93 175
82 185 93 185
82 187 90 187
82 195 93 195
82 208 92 208
82 217 87 218
82 222 92 222
82 234 92 234
82 235 93 235
82 236 89 236
82 247 92 247
83 10 88 11
83 33 93 33
83 59 88 60
83 80 94 80
83 87 93 87
83 88 91 88
83 100 94 100
83 109 92 109
83 110 91 110
83 117 93 117
83 123 93 123
83 149 90 149
83 161 94 161
83 166 91 166
83 167 94 167
83 174 91 174
83 189 94 189
83 199 93 199
83 219 92 219
83 248 94 248
84 2 87 4
84 7 95 7
84 25 95 25
84 32 95 32
84 43 95 43
84 50 92 50
84 51 93 51
84 62 94 62
84 96 93 96
84 102 95 102
84 137 89 138
84 143 94 143
84 144 92 144
84 146 95 146
84 150 95 150
84 158 94 158
84 192 95 192
84 209 92 209
84 212 94 212
84 240 94 240
85 13 96 13
85 16 92 16
85 20 96 20
85 22 96 22
85 30 96 30
85 36 94 36
85 45 96 45
85 58 96 58
85 66 93 66
85 77 95 77
85 82 94 82
85 92 95 92
85 97 96 97
85 121 90 122
85 129 95 129
85 132 95 132
85 173 96 173
85 197 95 197
85 201 95 201
85 206 95 206
85 244 95 244
85 245 95 245
86 12 97 12
86 14 95 14
86 38 97 38
86 44 97 44
86 65 96 65
86 68 97 68
86 73 96 73
86 79 97 79
86 94 97 94
86 106 91 107
86 108 95 108
86 111 97 111
86 112 95 112
86 116 95 116
86 130 96 130
86 135 97 135
86 139 96 139
86 140 96 140
86 153 96 153
86 181 97 181
86 196 97 196
86 210 96 210
86 226 96 226
86 227 95 227
86 230 96 230
86 233 96 233
87 26 95 26
87 31 97 31
87 35 97 35
87 40 97 40
87 42 98 42
87 61 97 61
87 72 97 72
87 83 94 83
87 90 98 90
87 91 97 91
87 145 97 145
87 147 92 148
87 177 95 177
87 183 92 184
87 191 97 191
87 193 97 193
87 198 98 198
87 204 98 204
87 211 98 211
87 237 96 237
87 238 92 239
87 242 97 242
88 2 91 3
88 4 98 4
88 27 97 27
88 52 97 52
88 67 98 67
88 70 99 70
88 84 98 84
88 85 99 85
88 86 97 86
88 95 98 95
88 104 99 104
88 115 99 115
88 120 99 120
88 127 99 127
88 128 97 128
88 133 99 133
88 154 98 154
88 155 99 155
88 157 98 157
88 162 97 162
88 163 98 163
88 172 97 172
88 176 98 176
88 179 99 179
88 213 99 213
88 217 93 218
88 231 99 231
88 232 99 232
89 10 94 11
89 15 100 15
89 19 100 19
89 28 96 28
89 41 99 41
89 57 100 57
89 59 94 60
89 75 99 75
89 78 99 78
89 180 99 180
89 186 99 186
89 202 99 202
89 203 100 203
89 215 100 215
89 216 99 216
89 220 100 220
89 221 98 221
89 223 100 223
89 229 99 229
89 243 99 243
90 0 101 0
90 1 99 1
90 5 100 5
90 6 100 6
90 47 99 47
90 56 100 56
90 69 99 69
90 89 98 89
90 98 99 98
90 105 101 105
90 118 95 119
90 125 101 125
90 137 95 138
90 142 101 142
90 170 100 170
90 178 100 178
90 182 100 182
90 214 100 214
90 236 100 236
90 241 100 241
90 246 101 246
90 249 99 249
91 8 98 8
91 9 102 9
91 21 102 21
91 23 96 24
91 29 101 29
91 34 102 34
91 39 100 39
91 49 100 49
91 53 100 53
91 63 101 63
91 64 102 64
91 71 102 71
91 99 102 99
91 121 96 122
91 134 101 134
91 149 101 149
91 151 101 151
91 152 101 152
91 159 101 159
91 164 96 165
91 168 96 169
91 187 101 187
91 190 101 190
91 224 102 224
91 228 101 228
92 2 103 2
92 3 102 3
92 17 102 17
92 18 103 18
92 37 101 37
92 46 100 46
92 55 102 55
92 81 103 81
92 88 103 88
92 93 102 93
92 101 103 101
92 106 101 106
92 107 102 107
92 110 103 110
92 113 103 113
92 124 102 124
92 131 102 131
92 136 103 136
92 156 103 156
92 166 103 166
92 174 102 174
92 194 100 194
92 200 103 200
92 205 101 205
92 225 103 225
93 16 104 16
93 48 100 48
93 50 101 50
93 54 103 54
93 74 103 74
93 76 102 76
93 103 103 103
93 109 102 109
93 114 104 114
93 126 103 126
93 144 103 144
93 147 103 147
93 148 102 148
93 160 104 160
93 171 102 171
93 183 98 184
93 188 104 188
93 207 101 207
93 208 98 209
93 219 103 219
93 222 101 222
93 234 104 234
93 238 103 238
93 239 104 239
93 247 103 247
94 33 103 33
94 51 105 51
94 66 104 66
94 87 104 87
94 96 105 96
94 117 105 117
94 123 104 123
94 141 105 141
94 175 102 175
94 185 105 185
94 195 104 195
94 199 103 199
94 217 105 217
94 218 104 218
94 235 105 235
95 10 100 11
95 36 104 36
95 59 100 60
95 62 105 62
95 80 104 80
95 82 105 82
95 83 106 83
95 100 105 100
95 143 104 143
95 158 106 158
95 161 106 161
95 167 106 167
95 189 105 189
95 212 105 212
95 240 106 240
95 248 104 248
96 7 105 7
96 14 106 14
96 25 105 25
96 26 106 26
96 32 106 32
96 43 104 43
96 77 105 77
96 92 106 92
96 102 107 102
96 108 107 108
96 112 107 112
96 116 107 116
96 118 100 119
96 129 107 129
96 132 107 132
96 137 105 137
96 138 105 138
96 146 105 146
96 150 107 150
96 177 106 177
96 192 106 192
96 197 106 197
96 201 107 201
96 206 105 206
96 227 106 227
96 244 103 244
96 245 107 245
97 13 108 13
97 20 106 20
97 22 100 24
97 28 108 28
97 30 107 30
97 45 107 45
97 58 108 58
97 65 105 65
97 73 106 73
97 97 107 97
97 121 108 121
97 122 106 122
97 130 108 130
97 139 102 140
97 153 108 153
97 164 102 165
97 168 107 168
97 169 108 169
97 173 108 173
97 210 108 210
97 226 108 226
97 230 106 230
97 233 106 233
97 237 108 237
98 12 108 12
98 27 107 27
98 31 107 31
98 35 107 35
98 38 108 38
98 40 109 40
98 44 109 44
98 52 107 52
98 61 109 61
98 68 108 68
98 72 107 72
98 79 108 79
98 86 108 86
98 91 105 91
98 94 107 94
98 111 107 111
98 128 109 128
98 135 105 135
98 145 108 145
98 162 108 162
98 172 108 172
98 181 108 181
98 191 108 191
98 193 109 193
98 196 108 196
98 242 109 242
99 4 106 4
99 8 109 8
99 42 110 42
99 67 108 67
99 84 109 84
99 89 110 89
99 90 110 90
99 95 110 95
99 154 109 154
99 157 108 157
99 163 110 163
99 176 110 176
99 183 104 184
99 198 110 198
99 204 109 204
99 208 104 209
99 211 109 211
99 221 110 221
100 1 109 1
100 41 110 41
100 47 111 47
100 69 105 70
100 75 111 75
100 78 110 78
100 85 111 85
100 98 111 98
100 104 110 104
100 115 110 115
100 120 111 120
100 127 110 127
100 133 111 133
100 155 111 155
100 179 111 179
100 180 111 180
100 186 109 186
100 202 110 202
100 213 111 213
100 216 111 216
100 229 111 229
100 231 110 231
100 232 111 232
100 243 109 243
100 249 111 249
101 5 111 5
101 6 109 6
101 10 112 10
101 11 112 11
101 15 111 15
101 19 112 19
101 22 104 24
101 39 110 39
101 46 111 46
101 48 106 49
101 53 110 53
101 56 106 57
101 59 111 59
101 60 112 60
101 118 112 118
101 119 111 119
101 170 111 170
101 178 112 178
101 182 110 182
101 194 110 194
101 203 111 203
101 214 112 214
101 215 111 215
101 220 111 220
101 223 111 223
101 236 110 236
101 241 110 241
102 0 112 0
102 29 113 29
102 37 110 37
102 50 113 50
102 63 113 63
102 105 113 105
102 106 113 106
102 125 112 125
102 134 112 134
102 142 113 142
102 149 112 149
102 151 112 151
102 152 112 152
102 159 113 159
102 187 113 187
102 190 112 190
102 205 112 205
102 207 112 207
102 222 111 222
102 228 111 228
102 246 112 246
103 3 113 3
103 9 114 9
103 17 112 17
103 21 113 21
103 34 112 34
103 55 114 55
103 64 114 64
103 71 113 71
103 76 113 76
103 93 110 93
103 99 114 99
103 107 114 107
103 109 114 109
103 124 113 124
103 131 113 131
103 139 108 140
103 148 114 148
103 164 108 165
103 171 113 171
103 174 108 175
103 224 113 224
104 2 115 2
104 18 115 18
104 33 114 33
104 54 114 54
104 74 115 74
104 81 115 81
104 88 115 88
104 101 113 101
104 103 115 103
104 110 114 110
104 113 113 113
104 126 114 126
104 136 113 136
104 144 114 144
104 147 115 147
104 156 112 156
104 166 114 166
104 199 115 199
104 200 114 200
104 219 115 219
104 225 113 225
104 238 115 238
104 244 113 244
104 247 115 247
105 16 116 16
105 22 109 23
105 24 114 24
105 36 116 36
105 43 114 43
105 66 114 66
105 80 112 80
105 87 114 87
105 114 115 114
105 123 115 123
105 143 115 143
105 160 116 160
105 183 110 184
105 188 114 188
105 195 115 195
105 208 114 208
105 209 115 209
105 218 116 218
105 234 116 234
105 239 115 239
105 248 112 248
106 7 114 7
106 25 116 25
106 51 117 51
106 62 117 62
106 65 115 65
106 69 115 69
106 70 117 70
106 77 116 77
106 82 116 82
106 91 115 91
106 96 116 96
106 100 117 100
106 117 117 117
106 135 116 135
106 137 111 138
106 141 117 141
106 146 116 146
106 185 115 185
106 189 117 189
106 206 116 206
106 212 117 212
106 217 116 217
106 235 116 235
107 4 117 4
107 14 117 14
107 20 118 20
107 26 117 26
107 32 116 32
107 48 112 49
107 56 117 56
107 57 118 57
107 73 117 73
107 83 118 83
107 92 118 92
107 122 117 122
107 158 118 158
107 161 117 161
107 167 115 167
107 177 118 177
107 192 116 192
107 197 117 197
107 227 117 227
107 230 118 230
107 233 116 233
107 240 117 240
108 27 117 27
108 30 119 30
108 31 118 31
108 35 119 35
108 45 116 45
108 52 116 52
108 72 116 72
108 94 118 94
108 97 119 97
108 102 118 102
108 108 118 108
108 111 113 112
108 116 118 116
108 129 117 129
108 132 118 132
108 150 119 150
108 168 116 168
108 201 118 201
108 245 116 245
109 12 120 12
109 13 117 13
109 28 117 28
109 38 120 38
109 58 118 58
109 67 120 67
109 68 119 68
109 79 120 79
109 86 119 86
109 121 119 121
109 130 118 130
109 139 118 139
109 140 119 140
109 145 120 145
109 153 118 153
109 157 118 157
109 162 118 162
109 164 114 165
109 169 120 169
109 172 117 172
109 173 112 175
109 181 119 181
109 191 118 191
109 196 119 196
109 210 119 210
109 226 118 226
109 237 119 237
110 1 119 1
110 6 119 6
110 8 120 8
110 22 119 22
110 23 120 23
110 40 121 40
110 44 120 44
110 61 121 61
110 84 121 84
110 128 121 128
110 154 118 154
110 186 118 186
110 193 119 193
110 204 119 204
110 211 121 211
110 242 115 243
111 37 120 37
111 39 121 39
111 41 122 41
111 42 120 42
111 53 121 53
111 78 122 78
111 89 119 89
111 90 122 90
111 93 121 93
111 95 120 95
111 104 120 104
111 115 120 115
111 127 122 127
111 163 122 163
111 176 119 176
111 182 116 183
111 184 120 184
111 194 122 194
111 198 121 198
111 202 122 202
111 221 120 221
111 231 121 231
111 236 121 236
111 241 122 241
112 5 123 5
112 15 122 15
112 46 117 47
112 59 123 59
112 75 122 75
112 85 122 85
112 98 119 98
112 119 117 120
112 133 122 133
112 137 123 137
112 138 123 138
112 155 122 155
112 170 121 170
112 179 123 179
112 180 120 180
112 203 120 203
112 213 119 213
112 215 123 215
112 216 123 216
112 220 123 220
112 222 122 222
112 223 122 223
112 228 117 229
112 232 122 232
112 249 121 249
113 0 122 0
113 10 122 10
113 11 121 11
113 17 124 17
113 19 123 19
113 34 122 34
113 48 118 49
113 60 124 60
113 80 124 80
113 118 122 118
113 125 123 125
113 134 123 134
113 149 122 149
113 151 124 151
113 152 122 152
113 156 123 156
113 173 116 175
113 178 124 178
113 190 124 190
113 205 122 205
113 207 123 207
113 214 123 214
113 246 124 246
113 248 123 248
114 3 122 3
114 21 124 21
114 29 124 29
114 50 122 50
114 63 125 63
114 71 123 71
114 76 122 76
114 101 124 101
114 105 122 105
114 106 124 106
114 111 119 112
114 113 123 113
114 124 125 124
114 131 123 131
114 136 123 136
114 142 125 142
114 159 124 159
114 171 123 171
114 187 125 187
114 224 123 224
114 225 125 225
114 244 123 244
115 7 125 7
115 9 124 9
115 24 126 24
115 33 125 33
115 43 125 43
115 54 120 55
115 64 126 64
115 66 125 66
115 87 126 87
115 99 125 99
115 107 125 107
115 109 120 110
115 126 124 126
115 144 125 144
115 148 126 148
115 164 125 164
115 165 120 166
115 188 126 188
115 200 126 200
115 208 124 208
116 2 125 2
116 18 126 18
116 65 127 65
116 69 126 69
116 74 125 74
116 81 127 81
116 88 126 88
116 91 126 91
116 103 127 103
116 114 123 114
116 123 127 123
116 143 126 143
116 147 127 147
116 167 125 167
116 185 126 185
116 195 127 195
116 199 126 199
116 209 126 209
116 219 126 219
116 238 121 239
116 242 127 242
116 243 126 243
116 247 126 247
117 16 128 16
117 25 127 25
117 32 128 32
117 36 127 36
117 45 127 45
117 52 127 52
117 72 128 72
117 77 127 77
117 82 128 82
117 96 127 96
117 135 124 135
117 146 127 146
117 160 127 160
117 168 128 168
117 173 128 173
117 174 128 174
117 175 128 175
117 182 120 183
117 192 127 192
117 206 128 206
117 217 127 217
117 218 127 218
117 233 120 235
117 245 126 245
118 4 129 4
118 13 129 13
118 14 128 14
118 26 123 27
118 28 128 28
118 46 127 46
118 47 128 47
118 51 128 51
118 56 128 56
118 62 125 62
118 70 129 70
118 73 129 73
118 100 129 100
118 117 127 117
118 119 126 119
118 120 126 120
118 122 129 122
118 129 127 129
118 141 127 141
118 161 128 161
118 172 129 172
118 189 127 189
118 197 127 197
118 212 128 212
118 227 126 227
118 228 123 229
118 240 129 240
119 20 129 20
119 31 129 31
119 48 127 48
119 49 127 49
119 57 124 58
119 83 128 83
119 92 129 92
119 94 129 94
119 102 130 102
119 108 129 108
119 116 130 116
119 130 129 130
119 132 129 132
119 139 129 139
119 153 130 153
119 154 130 154
119 157 124 158
119 162 128 162
119 177 128 177
119 186 130 186
119 191 129 191
119 201 129 201
119 226 129 226
119 230 129 230
120 1 130 1
120 6 131 6
120 22 131 22
120 30 130 30
120 35 129 35
120 68 129 68
120 86 130 86
120 89 130 89
120 97 129 97
120 98 128 98
120 111 124 112
120 121 131 121
120 140 129 140
120 150 128 150
120 176 130 176
120 181 129 181
120 193 130 193
120 196 131 196
120 204 129 204
120 210 129 210
120 213 129 213
120 237 130 237
121 8 132 8
121 12 132 12
121 23 132 23
121 37 126 38
121 42 132 42
121 44 132 44
121 54 126 55
121 67 131 67
121 79 130 79
121 95 131 95
121 104 132 104
121 109 132 109
121 110 132 110
121 115 131 115
121 145 132 145
121 165 125 166
121 169 132 169
121 180 131 180
121 182 131 182
121 183 126 184
121 203 130 203
121 221 131 221
121 233 131 233
121 234 130 234
121 235 131 235
122 11 132 11
122 39 127 40
122 53 133 53
122 61 132 61
122 84 133 84
122 93 133 93
122 128 133 128
122 170 133 170
122 198 132 198
122 211 132 211
122 231 132 231
122 236 133 236
122 238 131 238
122 239 132 239
122 249 133 249
123 0 134 0
123 3 132 3
123 10 132 10
123 15 134 15
123 34 134 34
123 41 132 41
123 50 133 50
123 75 132 75
123 76 133 76
123 78 134 78
123 85 133 85
123 90 134 90
123 105 134 105
123 118 133 118
123 127 133 127
123 133 133 133
123 149 134 149
123 152 131 152
123 155 132 155
123 163 134 163
123 194 134 194
123 202 134 202
123 205 133 205
123 222 134 222
123 223 133 223
123 232 133 232
123 241 132 241
124 5 134 5
124 19 135 19
124 26 134 26
124 27 134 27
124 59 133 59
124 71 133 71
124 113 129 114
124 125 135 125
124 131 133 131
124 134 134 134
124 136 129 137
124 138 135 138
124 156 134 156
124 171 134 171
124 179 133 179
124 207 134 207
124 214 129 215
124 216 134 216
124 220 134 220
124 224 134 224
124 228 134 228
124 229 135 229
124 244 135 244
124 248 134 248
125 9 134 9
125 17 136 17
125 21 136 21
125 29 135 29
125 57 134 57
125 58 135 58
125 60 135 60
125 80 134 80
125 101 135 101
125 106 133 106
125 111 133 111
125 112 135 112
125 126 133 126
125 135 135 135
125 151 136 151
125 157 133 157
125 158 135 158
125 159 134 159
125 178 135 178
125 190 136 190
125 208 135 208
125 246 136 246
126 2 136 2
126 7 134 7
126 33 137 33
126 43 137 43
126 62 137 62
126 63 136 63
126 66 137 66
126 74 136 74
126 99 137 99
126 107 136 107
126 124 136 124
126 142 136 142
126 144 137 144
126 164 131 165
126 166 137 166
126 167 135 167
126 187 135 187
126 225 135 225
127 18 137 18
127 24 137 24
127 37 137 37
127 38 137 38
127 54 137 54
127 55 138 55
127 64 136 64
127 69 137 69
127 87 138 87
127 88 136 88
127 91 137 91
127 119 137 119
127 120 138 120
127 143 138 143
127 148 137 148
127 183 132 184
127 185 137 185
127 188 138 188
127 199 136 199
127 200 137 200
127 209 137 209
127 219 137 219
127 227 136 227
127 243 135 243
127 245 138 245
127 247 137 247
128 25 138 25
128 36 139 36
128 39 133 40
128 45 133 46
128 48 133 49
128 52 138 52
128 65 138 65
128 77 139 77
128 81 139 81
128 96 137 96
128 103 136 103
128 117 139 117
128 123 139 123
128 129 137 129
128 141 136 141
128 146 133 147
128 160 139 160
128 189 136 189
128 192 139 192
128 195 138 195
128 197 139 197
128 217 136 217
128 218 139 218
128 242 139 242
129 14 139 14
129 16 138 16
129 28 137 28
129 32 140 32
129 47 139 47
129 51 138 51
129 56 140 56
129 72 138 72
129 82 139 82
129 83 139 83
129 98 140 98
129 150 140 150
129 161 134 162
129 168 139 168
129 173 134 174
129 175 140 175
129 177 138 177
129 206 140 206
129 212 139 212
130 4 140 4
130 13 141 13
130 20 141 20
130 31 139 31
130 35 139 35
130 68 141 68
130 70 138 70
130 73 141 73
130 92 138 92
130 94 140 94
130 97 140 97
130 100 139 100
130 108 140 108
130 113 139 113
130 114 141 114
130 122 139 122
130 130 140 130
130 132 140 132
130 136 137 136
130 137 139 137
130 139 140 139
130 140 140 140
130 172 140 172
130 181 139 181
130 191 139 191
130 201 138 201
130 204 141 204
130 210 140 210
130 213 140 213
130 214 139 214
130 215 140 215
130 226 140 226
130 230 140 230
130 240 140 240
131 1 142 1
131 30 142 30
131 79 141 79
131 86 142 86
131 89 141 89
131 102 141 102
131 116 142 116
131 153 136 154
131 176 140 176
131 186 140 186
131 193 142 193
131 203 142 203
131 234 140 234
131 237 142 237
132 6 142 6
132 22 143 22
132 67 142 67
132 95 143 95
132 115 143 115
132 121 143 121
132 152 143 152
132 164 140 164
132 165 142 165
132 180 140 180
132 182 143 182
132 196 141 196
132 221 142 221
132 233 143 233
132 235 141 235
132 238 139 238
133 3 143 3
133 8 142 8
133 10 138 11
133 12 144 12
133 23 144 23
133 41 138 42
133 44 142 44
133 61 143 61
133 75 141 75
133 104 144 104
133 109 143 109
133 110 144 110
133 145 144 145
133 155 144 155
133 169 143 169
133 183 143 183
133 184 144 184
133 198 142 198
133 211 143 211
133 231 144 231
133 239 142 239
133 241 143 241
134 39 145 39
134 40 145 40
134 45 145 45
134 46 144 46
134 48 137 50
134 53 145 53
134 59 143 59
134 71 144 71
134 76 145 76
134 84 139 85
134 93 145 93
134 106 143 106
134 111 145 111
134 118 142 118
134 126 145 126
134 127 144 127
134 128 144 128
134 131 142 131
134 133 144 133
134 146 139 147
134 157 144 157
134 170 145 170
134 179 145 179
134 205 145 205
134 223 145 223
134 232 145 232
134 236 143 236
134 249 144 249
135 0 146 0
135 5 146 5
135 7 146 7
135 9 145 9
135 15 145 15
135 26 140 27
135 34 142 34
135 57 146 57
135 78 146 78
135 80 145 80
135 90 145 90
135 105 145 105
135 134 146 134
135 149 146 149
135 156 146 156
135 159 145 159
135 161 138 163
135 171 146 171
135 173 145 173
135 174 146 174
135 194 144 194
135 202 146 202
135 207 146 207
135 216 145 216
135 220 144 220
135 222 146 222
135 224 146 224
135 228 146 228
135 248 146 248
136 19 144 19
136 29 147 29
136 58 145 58
136 60 146 60
136 101 146 101
136 112 146 112
136 125 146 125
136 135 144 135
136 138 146 138
136 158 144 158
136 167 144 167
136 178 146 178
136 187 146 187
136 208 145 208
136 225 145 225
136 229 147 229
136 243 147 243
136 244 147 244
137 2 148 2
137 17 144 17
137 21 148 21
137 63 142 64
137 74 148 74
137 88 146 88
137 103 145 103
137 107 145 107
137 124 148 124
137 141 146 141
137 142 148 142
137 151 147 151
137 153 146 153
137 154 147 154
137 189 142 190
137 199 148 199
137 217 147 217
137 227 147 227
137 246 148 246
138 18 145 18
138 24 147 24
138 28 149 28
138 33 149 33
138 37 148 37
138 38 149 38
138 43 149 43
138 48 147 48
138 49 149 49
138 50 148 50
138 54 147 54
138 62 147 62
138 66 148 66
138 69 148 69
138 91 149 91
138 96 149 96
138 99 149 99
138 119 149 119
138 129 147 129
138 136 147 136
138 144 149 144
138 148 149 148
138 166 147 166
138 185 149 185
138 200 149 200
138 209 146 209
138 219 148 219
138 247 148 247
139 10 144 11
139 16 149 16
139 25 150 25
139 41 143 42
139 51 149 51
139 52 148 52
139 55 150 55
139 65 149 65
139 70 149 70
139 72 149 72
139 87 150 87
139 92 150 92
139 120 150 120
139 143 149 143
139 161 148 161
139 162 150 162
139 163 149 163
139 177 149 177
139 188 149 188
139 195 150 195
139 201 149 201
139 245 150 245
140 14 147 14
140 31 150 31
140 35 151 35
140 36 149 36
140 47 150 47
140 77 148 77
140 81 151 81
140 82 145 83
140 84 150 84
140 85 150 85
140 100 150 100
140 113 150 113
140 117 151 117
140 122 145 123
140 137 150 137
140 146 151 146
140 147 149 147
140 160 149 160
140 168 149 168
140 181 151 181
140 191 145 192
140 197 151 197
140 212 150 212
140 214 150 214
140 218 147 218
140 238 151 238
140 242 151 242
141 4 149 4
141 26 151 26
141 27 151 27
141 32 150 32
141 56 151 56
141 94 151 94
141 97 151 97
141 98 152 98
141 108 152 108
141 130 152 130
141 132 151 132
141 139 151 139
141 140 151 140
141 150 152 150
141 164 152 164
141 172 151 172
141 175 151 175
141 176 152 176
141 180 151 180
141 186 150 186
141 206 152 206
141 210 151 210
141 213 151 213
141 215 151 215
141 226 152 226
141 230 151 230
141 234 149 234
141 240 152 240
142 13 153 13
142 20 152 20
142 68 152 68
142 73 153 73
142 75 153 75
142 79 150 79
142 89 152 89
142 102 151 102
142 114 152 114
142 196 152 196
142 204 153 204
142 235 153 235
143 1 153 1
143 6 152 6
143 8 154 8
143 30 153 30
143 34 153 34
143 44 153 44
143 63 152 63
143 64 151 64
143 67 154 67
143 86 151 86
143 116 154 116
143 118 152 118
143 131 154 131
143 165 152 165
143 189 154 189
143 190 153 190
143 193 154 193
143 198 153 198
143 203 154 203
143 221 151 221
143 237 151 237
143 239 154 239
144 3 152 3
144 22 154 22
144 41 155 41
144 42 154 42
144 59 154 59
144 61 154 61
144 95 154 95
144 106 153 106
144 109 155 109
144 115 154 115
144 121 154 121
144 152 154 152
144 169 155 169
144 182 154 182
144 183 154 183
144 211 155 211
144 233 155 233
144 236 155 236
144 241 154 241
145 10 156 10
145 11 155 11
145 12 154 12
145 17 153 17
145 19 155 19
145 23 153 23
145 46 156 46
145 71 156 71
145 104 155 104
145 110 156 110
145 127 150 128
145 133 155 133
145 135 155 135
145 145 155 145
145 155 156 155
145 157 150 158
145 167 155 167
145 184 155 184
145 194 155 194
145 220 155 220
145 231 156 231
145 249 156 249
146 9 155 9
146 15 157 15
146 18 157 18
146 39 151 40
146 45 156 45
146 53 156 53
146 58 157 58
146 76 157 76
146 80 156 80
146 82 154 82
146 83 156 83
146 90 157 90
146 93 157 93
146 103 157 103
146 105 157 105
146 107 154 107
146 111 156 111
146 122 156 122
146 123 156 123
146 126 156 126
146 159 156 159
146 170 157 170
146 173 156 173
146 179 157 179
146 191 151 192
146 205 157 205
146 208 156 208
146 216 157 216
146 223 157 223
146 225 154 225
146 232 154 232
147 0 158 0
147 5 157 5
147 7 158 7
147 57 157 57
147 60 157 60
147 78 157 78
147 88 157 88
147 101 156 101
147 112 157 112
147 125 157 125
147 134 158 134
147 138 155 138
147 141 158 141
147 149 158 149
147 153 158 153
147 156 158 156
147 171 157 171
147 174 155 174
147 178 154 178
147 187 157 187
147 202 158 202
147 207 158 207
147 209 157 209
147 222 157 222
147 224 156 224
147 228 155 228
147 248 157 248
148 14 158 14
148 24 157 24
148 29 158 29
148 48 159 48
148 54 159 54
148 62 157 62
148 129 159 129
148 136 157 136
148 151 156 151
148 154 158 154
148 166 159 166
148 217 159 217
148 218 158 218
148 227 158 227
148 229 159 229
148 243 158 243
148 244 159 244
149 2 159 2
149 21 159 21
149 37 159 37
149 50 159 50
149 52 159 52
149 66 159 66
149 69 160 69
149 74 160 74
149 77 160 77
149 124 160 124
149 142 159 142
149 161 159 161
149 199 159 199
149 219 159 219
149 246 154 247
150 4 160 4
150 16 158 16
150 28 157 28
150 33 160 33
150 36 160 36
150 38 160 38
150 43 160 43
150 49 159 49
150 51 161 51
150 65 161 65
150 70 160 70
150 72 158 72
150 91 159 91
150 96 161 96
150 99 160 99
150 119 161 119
150 143 159 143
150 144 160 144
150 147 159 147
150 148 160 148
150 160 159 160
150 163 159 163
150 168 160 168
150 177 159 177
150 185 159 185
150 188 160 188
150 200 157 200
150 201 159 201
150 234 160 234
151 25 162 25
151 31 156 32
151 47 162 47
151 55 159 55
151 79 160 79
151 84 162 84
151 85 161 85
151 87 161 87
151 92 161 92
151 100 160 100
151 113 159 113
151 120 162 120
151 127 156 128
151 137 160 137
151 157 161 157
151 158 162 158
151 162 160 162
151 186 162 186
151 195 161 195
151 212 161 212
151 214 161 214
151 245 162 245
152 26 162 26
152 27 162 27
152 35 163 35
152 39 157 40
152 56 163 56
152 64 161 64
152 81 163 81
152 86 163 86
152 94 160 94
152 97 162 97
152 102 162 102
152 117 163 117
152 132 161 132
152 139 156 140
152 146 162 146
152 172 162 172
152 175 160 175
152 180 162 180
152 181 163 181
152 191 162 191
152 192 162 192
152 197 162 197
152 210 161 210
152 213 163 213
152 215 162 215
152 221 163 221
152 230 162 230
152 237 157 238
152 242 163 242
153 3 160 3
153 6 162 6
153 20 164 20
153 63 163 63
153 68 163 68
153 89 164 89
153 98 163 98
153 108 162 108
153 114 164 114
153 118 164 118
153 130 162 130
153 150 162 150
153 164 164 164
153 165 163 165
153 176 163 176
153 196 163 196
153 206 164 206
153 226 162 226
153 240 162 240
154 1 164 1
154 13 164 13
154 17 162 17
154 23 162 23
154 30 163 30
154 34 164 34
154 44 163 44
154 73 164 73
154 75 165 75
154 106 164 106
154 190 164 190
154 198 165 198
154 204 165 204
154 235 164 235
155 8 166 8
155 12 166 12
155 22 165 22
155 42 166 42
155 59 162 59
155 61 165 61
155 67 165 67
155 82 165 82
155 95 165 95
155 107 163 107
155 115 160 116
155 121 166 121
155 131 166 131
155 152 164 152
155 178 165 178
155 182 160 183
155 189 165 189
155 193 166 193
155 203 166 203
155 225 165 225
155 232 165 232
155 239 166 239
155 241 165 241
155 246 160 247
156 9 166 9
156 11 167 11
156 19 166 19
156 41 166 41
156 104 164 104
156 109 167 109
156 133 166 133
156 135 167 135
156 138 165 138
156 145 167 145
156 167 166 167
156 169 166 169
156 174 167 174
156 184 167 184
156 194 167 194
156 211 167 211
156 220 167 220
156 228 167 228
156 233 166 233
156 236 166 236
157 10 168 10
157 31 162 32
157 45 162 46
157 53 167 53
157 71 168 71
157 80 167 80
157 83 168 83
157 101 167 101
157 110 167 110
157 111 168 111
157 122 167 122
157 123 168 123
157 126 165 126
157 127 168 127
157 128 166 128
157 139 162 140
157 151 168 151
157 155 168 155
157 159 168 159
157 173 165 173
157 208 168 208
157 224 167 224
157 231 168 231
157 249 167 249
158 5 167 5
158 15 167 15
158 18 169 18
158 24 168 24
158 28 169 28
158 39 163 40
158 57 167 57
158 58 168 58
158 60 168 60
158 62 168 62
158 76 169 76
158 78 169 78
158 88 166 88
158 90 169 90
158 93 169 93
158 103 167 103
158 105 169 105
158 112 166 112
158 125 169 125
158 136 169 136
158 170 163 171
158 179 168 179
158 187 167 187
158 200 169 200
158 205 168 205
158 209 169 209
158 216 168 216
158 222 168 222
158 223 169 223
158 237 168 237
158 238 168 238
158 248 167 248
159 0 170 0
159 7 170 7
159 14 170 14
159 16 169 16
159 29 170 29
159 72 170 72
159 134 169 134
159 141 170 141
159 149 170 149
159 153 164 154
159 156 170 156
159 202 168 202
159 207 169 207
159 218 170 218
159 227 170 227
159 243 168 243
160 2 169 2
160 21 171 21
160 37 170 37
160 48 171 48
160 49 165 50
160 52 170 52
160 54 170 54
160 55 169 55
160 66 170 66
160 91 170 91
160 113 168 113
160 129 171 129
160 142 164 143
160 147 171 147
160 160 171 160
160 161 170 161
160 163 170 163
160 166 171 166
160 177 170 177
160 185 168 185
160 199 167 199
160 201 171 201
160 217 169 217
160 219 169 219
160 229 168 229
160 244 170 244
161 3 171 3
161 4 172 4
161 33 172 33
161 36 171 36
161 38 171 38
161 43 172 43
161 69 166 70
161 74 170 74
161 77 171 77
161 79 171 79
161 94 171 94
161 99 171 99
161 100 171 100
161 115 171 115
161 116 172 116
161 124 172 124
161 137 171 137
161 144 171 144
161 148 172 148
161 162 171 162
161 168 170 168
161 175 172 175
161 182 171 182
161 183 171 183
161 188 170 188
161 234 172 234
161 246 166 247
162 51 173 51
162 64 167 65
162 85 169 85
162 87 173 87
162 92 171 92
162 96 172 96
162 119 173 119
162 132 171 132
162 157 172 157
162 195 172 195
162 210 172 210
162 212 173 212
162 214 171 214
163 6 174 6
163 17 174 17
163 23 174 23
163 25 173 25
163 26 174 26
163 27 171 27
163 31 168 32
163 45 168 46
163 47 173 47
163 59 173 59
163 84 172 84
163 97 173 97
163 102 174 102
163 108 172 108
163 120 173 120
163 130 173 130
163 139 173 139
163 140 174 140
163 146 171 146
163 150 173 150
163 158 173 158
163 172 174 172
163 180 174 180
163 186 173 186
163 191 168 192
163 197 173 197
163 215 171 215
163 226 174 226
163 230 173 230
163 240 172 240
163 245 172 245
164 30 174 30
164 35 174 35
164 39 175 39
164 40 174 40
164 44 174 44
164 56 174 56
164 63 171 63
164 68 175 68
164 81 175 81
164 86 175 86
164 98 175 98
164 107 174 107
164 117 175 117
164 165 175 165
164 170 175 170
164 171 172 171
164 176 172 176
164 181 175 181
164 196 175 196
164 213 172 213
164 221 173 221
164 242 174 242
165 1 176 1
165 13 174 13
165 20 176 20
165 34 176 34
165 73 175 73
165 89 174 89
165 104 175 104
165 106 176 106
165 114 174 114
165 118 173 118
165 142 175 142
165 143 175 143
165 152 168 154
165 164 174 164
165 190 174 190
165 206 176 206
165 235 175 235
166 22 176 22
166 49 171 50
166 61 176 61
166 67 177 67
166 75 177 75
166 82 176 82
166 95 175 95
166 126 176 126
166 138 175 138
166 173 177 173
166 178 177 178
166 189 177 189
166 198 176 198
166 204 176 204
166 225 176 225
166 232 175 232
166 241 176 241
167 8 178 8
167 9 175 9
167 12 176 12
167 19 176 19
167 41 172 42
167 69 177 69
167 70 178 70
167 88 177 88
167 112 178 112
167 121 178 121
167 128 176 128
167 131 176 131
167 133 178 133
167 167 177 167
167 169 178 169
167 193 174 193
167 203 178 203
167 233 178 233
167 236 177 236
167 239 178 239
167 246 178 246
167 247 178 247
168 5 179 5
168 11 178 11
168 15 178 15
168 53 176 53
168 57 178 57
168 64 177 64
168 65 179 65
168 80 179 80
168 101 178 101
168 103 177 103
168 109 179 109
168 110 179 110
168 122 179 122
168 135 178 135
168 145 178 145
168 174 179 174
168 184 178 184
168 187 178 187
168 194 179 194
168 199 178 199
168 211 179 211
168 220 178 220
168 224 179 224
168 228 178 228
168 248 173 249
169 10 179 10
169 24 178 24
169 31 174 32
169 45 173 46
169 58 177 58
169 60 178 60
169 62 179 62
169 71 179 71
169 83 179 83
169 111 180 111
169 113 178 113
169 123 180 123
169 127 180 127
169 151 178 151
169 152 178 152
169 153 180 153
169 154 180 154
169 155 179 155
169 159 180 159
169 179 179 179
169 185 179 185
169 191 179 191
169 192 180 192
169 202 179 202
169 205 178 205
169 208 180 208
169 216 178 216
169 222 177 222
169 229 179 229
169 231 178 231
169 237 180 237
169 238 178 238
169 243 179 243
170 2 180 2
170 16 181 16
170 18 179 18
170 28 181 28
170 55 179 55
170 76 180 76
170 78 181 78
170 85 181 85
170 90 181 90
170 93 181 93
170 105 181 105
170 125 180 125
170 134 181 134
170 136 179 136
170 200 179 200
170 207 181 207
170 209 180 209
170 217 178 217
170 219 180 219
170 223 179 223
171 0 181 0
171 7 181 7
171 14 182 14
171 29 182 29
171 37 182 37
171 52 181 52
171 54 182 54
171 66 180 66
171 72 179 72
171 74 181 74
171 91 181 91
171 141 181 141
171 149 180 149
171 156 180 156
171 161 182 161
171 163 181 163
171 168 179 168
171 177 182 177
171 188 182 188
171 218 181 218
171 227 182 227
171 244 182 244
172 3 183 3
172 21 182 21
172 27 181 27
172 36 183 36
172 38 183 38
172 48 175 50
172 63 182 63
172 77 183 77
172 79 183 79
172 92 182 92
172 94 182 94
172 99 183 99
172 100 181 100
172 115 181 115
172 129 183 129
172 132 183 132
172 137 181 137
172 144 181 144
172 146 177 147
172 160 183 160
172 162 182 162
172 166 181 166
172 182 176 183
172 201 183 201
172 214 181 214
172 215 182 215
173 4 181 4
173 33 184 33
173 41 184 41
173 42 183 42
173 43 182 43
173 84 184 84
173 96 182 96
173 108 184 108
173 116 183 116
173 124 184 124
173 148 183 148
173 157 182 157
173 171 183 171
173 175 178 176
173 195 182 195
173 210 184 210
173 213 183 213
173 234 182 234
173 240 182 240
173 245 184 245
174 25 185 25
174 45 185 45
174 46 185 46
174 47 185 47
174 51 182 51
174 59 184 59
174 87 185 87
174 97 183 97
174 118 182 118
174 119 185 119
174 120 183 120
174 130 182 130
174 139 184 139
174 150 183 150
174 158 185 158
174 186 184 186
174 197 185 197
174 212 182 212
174 221 185 221
174 230 184 230
174 248 185 248
174 249 184 249
175 6 182 6
175 13 185 13
175 17 186 17
175 23 185 23
175 26 185 26
175 30 184 30
175 31 180 32
175 35 185 35
175 40 185 40
175 44 184 44
175 56 183 56
175 89 184 89
175 102 186 102
175 107 185 107
175 114 183 114
175 140 186 140
175 164 185 164
175 172 186 172
175 180 185 180
175 190 184 190
175 193 184 193
175 226 186 226
175 242 186 242
176 9 187 9
176 39 185 39
176 48 187 48
176 49 187 49
176 50 186 50
176 68 187 68
176 73 185 73
176 81 185 81
176 86 187 86
176 95 187 95
176 98 186 98
176 104 185 104
176 117 186 117
176 138 187 138
176 142 185 142
176 143 186 143
176 165 186 165
176 170 187 170
176 181 186 181
176 196 185 196
176 232 185 232
176 235 186 235
177 1 188 1
177 12 187 12
177 19 187 19
177 20 186 20
177 22 188 22
177 34 186 34
177 53 188 53
177 61 186 61
177 82 186 82
177 106 187 106
177 126 187 126
177 128 187 128
177 131 187 131
177 182 182 183
177 198 188 198
177 204 186 204
177 206 187 206
177 225 188 225
177 241 188 241
178 58 187 58
178 64 188 64
178 67 189 67
178 69 189 69
178 75 187 75
178 88 189 88
178 103 187 103
178 146 183 147
178 167 188 167
178 173 188 173
178 178 186 178
178 189 186 189
178 222 189 222
178 236 188 236
179 8 190 8
179 11 188 11
179 15 190 15
179 24 190 24
179 57 189 57
179 60 190 60
179 70 190 70
179 101 189 101
179 112 189 112
179 113 189 113
179 121 188 121
179 133 190 133
179 135 190 135
179 145 190 145
179 151 189 151
179 152 189 152
179 169 186 169
179 175 184 176
179 184 190 184
179 187 190 187
179 199 190 199
179 203 188 203
179 205 189 205
179 216 188 216
179 217 189 217
179 220 190 220
179 228 189 228
179 231 189 231
179 233 187 233
179 238 189 238
179 239 187 239
179 246 184 247
180 5 188 5
180 10 191 10
180 18 189 18
180 55 190 55
180 62 191 62
180 65 191 65
180 71 190 71
180 72 190 72
180 80 190 80
180 83 189 83
180 109 190 109
180 110 187 110
180 122 190 122
180 136 191 136
180 155 191 155
180 168 190 168
180 174 191 174
180 179 190 179
180 185 190 185
180 191 191 191
180 194 191 194
180 200 190 200
180 202 190 202
180 211 191 211
180 223 191 223
180 224 188 224
180 229 191 229
180 243 187 243
181 2 192 2
181 31 192 31
181 32 191 32
181 66 191 66
181 76 190 76
181 111 192 111
181 123 188 123
181 125 189 125
181 127 191 127
181 149 192 149
181 153 189 153
181 154 189 154
181 156 191 156
181 159 191 159
181 192 190 192
181 208 192 208
181 209 192 209
181 219 191 219
181 237 188 237
182 0 193 0
182 4 192 4
182 7 193 7
182 16 193 16
182 27 187 28
182 52 193 52
182 74 193 74
182 78 191 78
182 85 191 85
182 90 187 91
182 93 192 93
182 100 193 100
182 105 193 105
182 115 191 115
182 134 192 134
182 137 192 137
182 141 190 141
182 144 193 144
182 163 191 163
182 166 193 166
182 207 192 207
182 214 192 214
182 218 193 218
183 6 193 6
183 14 193 14
183 21 194 21
183 29 192 29
183 37 193 37
183 43 194 43
183 51 192 51
183 54 194 54
183 63 191 63
183 92 194 92
183 94 192 94
183 96 193 96
183 118 194 118
183 130 194 130
183 157 193 157
183 161 187 162
183 177 193 177
183 182 192 182
183 183 193 183
183 188 193 188
183 195 193 195
183 212 194 212
183 215 192 215
183 227 193 227
183 234 193 234
183 240 194 240
183 244 194 244
184 3 195 3
184 36 195 36
184 38 195 38
184 42 194 42
184 56 194 56
184 77 194 77
184 79 193 79
184 97 194 97
184 99 194 99
184 114 195 114
184 116 193 116
184 120 195 120
184 129 194 129
184 132 195 132
184 146 195 146
184 147 194 147
184 148 195 148
184 150 194 150
184 160 195 160
184 171 195 171
184 201 195 201
184 213 195 213
185 30 194 30
185 33 195 33
185 41 196 41
185 44 195 44
185 59 196 59
185 84 196 84
185 89 196 89
185 108 195 108
185 124 196 124
185 139 193 139
185 175 195 175
185 176 196 176
185 186 195 186
185 190 196 190
185 193 196 193
185 210 194 210
185 230 195 230
185 245 188 247
185 249 193 249
186 13 196 13
186 23 197 23
186 25 197 25
186 26 197 26
186 35 197 35
186 39 195 39
186 40 196 40
186 45 197 45
186 46 191 47
186 73 196 73
186 81 195 81
186 87 196 87
186 104 197 104
186 107 197 107
186 119 196 119
186 142 196 142
186 158 195 158
186 164 195 164
186 180 196 180
186 196 195 196
186 197 196 197
186 221 197 221
186 232 195 232
186 248 196 248
187 17 198 17
187 20 196 20
187 34 197 34
187 50 197 50
187 61 197 61
187 82 197 82
187 98 198 98
187 102 196 102
187 117 198 117
187 140 197 140
187 143 197 143
187 165 198 165
187 169 198 169
187 172 198 172
187 178 198 178
187 181 196 181
187 189 198 189
187 204 194 204
187 226 197 226
187 235 197 235
187 242 197 242
188 9 198 9
188 12 199 12
188 19 198 19
188 27 199 27
188 28 198 28
188 48 193 49
188 58 198 58
188 68 199 68
188 75 199 75
188 86 198 86
188 90 196 90
188 91 198 91
188 95 198 95
188 103 198 103
188 106 198 106
188 110 199 110
188 126 198 126
188 128 199 128
188 131 198 131
188 138 196 138
188 161 192 162
188 170 199 170
188 206 199 206
188 233 196 233
188 239 198 239
188 243 199 243
189 1 199 1
189 5 199 5
189 11 199 11
189 22 198 22
189 53 198 53
189 64 199 64
189 121 198 121
189 123 198 123
189 167 199 167
189 173 199 173
189 198 197 198
189 203 198 203
189 216 199 216
189 224 199 224
189 225 197 225
189 236 194 237
189 241 198 241
189 245 199 245
189 246 199 246
189 247 198 247
190 18 199 18
190 57 199 57
190 67 197 67
190 69 199 69
190 83 199 83
190 88 199 88
190 101 199 101
190 112 199 112
190 113 199 113
190 125 197 125
190 151 195 152
190 153 199 153
190 154 197 154
190 205 198 205
190 217 198 217
190 222 199 222
190 228 199 228
190 231 198 231
190 238 199 238
191 8 199 8
191 15 199 15
191 24 199 24
191 55 199 55
191 60 199 60
191 70 194 72
191 76 199 76
191 80 199 80
191 109 199 109
191 122 199 122
191 133 198 133
191 135 199 135
191 141 199 141
191 145 199 145
191 168 199 168
191 179 199 179
191 184 194 185
191 187 199 187
191 192 199 192
191 199 196 200
191 202 198 202
191 220 198 220
192 10 199 10
192 32 199 32
192 46 197 47
192 62 196 63
192 65 197 66
192 78 199 78
192 85 199 85
192 115 199 115
192 127 199 127
192 136 199 136
192 155 197 156
192 159 199 159
192 163 199 163
192 174 199 174
192 191 199 191
192 194 199 194
192 211 199 211
192 219 199 219
192 223 199 223
192 229 199 229
193 93 198 94
193 161 198 162
193 207 198 208
193 214 196 215
194 6 199 7
194 48 198 49
194 51 199 52
194 182 199 183
195 29 199 30
195 42 199 43
195 70 198 72
195 96 199 97
195 99 199 100
195 129 199 130
195 149 198 150
195 184 199 185
195 209 199 210
195 236 199 237
196 2 199 4
196 36 198 38
196 146 199 148
196 151 199 152
196 157 199 158
196 195 199 196
196 212 199 213
197 39 199 41
197 118 199 120
197 137 199 139
197 175 199 177
197 199 199 201
197 232 199 234
198 44 199 47
